{
  "C:\\Users\\L O Q\\Documents\\VINTAGENSHITT PROJECT\\vintangenshitt\\src\\server.js": {
    "path": "C:\\Users\\L O Q\\Documents\\VINTAGENSHITT PROJECT\\vintangenshitt\\src\\server.js",
    "statementMap": {
      "0": {
        "start": { "line": 9, "column": 0 },
        "end": { "line": 9, "column": 16 }
      },
      "1": {
        "start": { "line": 11, "column": 12 },
        "end": { "line": 11, "column": 21 }
      },
      "2": {
        "start": { "line": 12, "column": 13 },
        "end": { "line": 12, "column": 37 }
      },
      "3": {
        "start": { "line": 14, "column": 0 },
        "end": { "line": 14, "column": 24 }
      },
      "4": {
        "start": { "line": 15, "column": 0 },
        "end": { "line": 15, "column": 18 }
      },
      "5": {
        "start": { "line": 16, "column": 0 },
        "end": { "line": 16, "column": 16 }
      },
      "6": {
        "start": { "line": 17, "column": 0 },
        "end": { "line": 20, "column": 4 }
      },
      "7": {
        "start": { "line": 23, "column": 0 },
        "end": { "line": 23, "column": 24 }
      },
      "8": {
        "start": { "line": 26, "column": 0 },
        "end": { "line": 28, "column": 3 }
      },
      "9": {
        "start": { "line": 27, "column": 4 },
        "end": { "line": 27, "column": 68 }
      },
      "10": {
        "start": { "line": 31, "column": 0 },
        "end": { "line": 31, "column": 22 }
      },
      "11": {
        "start": { "line": 34, "column": 0 },
        "end": { "line": 38, "column": 1 }
      },
      "12": {
        "start": { "line": 35, "column": 4 },
        "end": { "line": 37, "column": 7 }
      },
      "13": {
        "start": { "line": 36, "column": 8 },
        "end": { "line": 36, "column": 57 }
      }
    },
    "fnMap": {
      "0": {
        "name": "(anonymous_0)",
        "decl": {
          "start": { "line": 26, "column": 19 },
          "end": { "line": 26, "column": 20 }
        },
        "loc": {
          "start": { "line": 26, "column": 33 },
          "end": { "line": 28, "column": 1 }
        },
        "line": 26
      },
      "1": {
        "name": "(anonymous_1)",
        "decl": {
          "start": { "line": 35, "column": 21 },
          "end": { "line": 35, "column": 22 }
        },
        "loc": {
          "start": { "line": 35, "column": 27 },
          "end": { "line": 37, "column": 5 }
        },
        "line": 35
      }
    },
    "branchMap": {
      "0": {
        "loc": {
          "start": { "line": 12, "column": 13 },
          "end": { "line": 12, "column": 37 }
        },
        "type": "binary-expr",
        "locations": [
          {
            "start": { "line": 12, "column": 13 },
            "end": { "line": 12, "column": 29 }
          },
          {
            "start": { "line": 12, "column": 33 },
            "end": { "line": 12, "column": 37 }
          }
        ],
        "line": 12
      },
      "1": {
        "loc": {
          "start": { "line": 34, "column": 0 },
          "end": { "line": 38, "column": 1 }
        },
        "type": "if",
        "locations": [
          {
            "start": { "line": 34, "column": 0 },
            "end": { "line": 38, "column": 1 }
          },
          { "start": {}, "end": {} }
        ],
        "line": 34
      }
    },
    "s": {
      "0": 3,
      "1": 3,
      "2": 3,
      "3": 3,
      "4": 3,
      "5": 3,
      "6": 3,
      "7": 3,
      "8": 3,
      "9": 0,
      "10": 3,
      "11": 3,
      "12": 0,
      "13": 0
    },
    "f": { "0": 0, "1": 0 },
    "b": { "0": [3, 3], "1": [0, 3] },
    "inputSourceMap": null,
    "_coverageSchema": "1a1c01bbd47fc00a2c39e90264f33305004495a9",
    "hash": "5a1d0026293134a6c4741797890af5f0f50dfc67"
  },
  "C:\\Users\\L O Q\\Documents\\VINTAGENSHITT PROJECT\\vintangenshitt\\src\\config\\db\\schema.js": {
    "path": "C:\\Users\\L O Q\\Documents\\VINTAGENSHITT PROJECT\\vintangenshitt\\src\\config\\db\\schema.js",
    "statementMap": {
      "0": {
        "start": { "line": 4, "column": 30 },
        "end": { "line": 4, "column": 75 }
      },
      "1": {
        "start": { "line": 5, "column": 28 },
        "end": { "line": 5, "column": 118 }
      },
      "2": {
        "start": { "line": 6, "column": 27 },
        "end": { "line": 6, "column": 112 }
      },
      "3": {
        "start": { "line": 7, "column": 27 },
        "end": { "line": 7, "column": 89 }
      },
      "4": {
        "start": { "line": 8, "column": 24 },
        "end": { "line": 8, "column": 61 }
      },
      "5": {
        "start": { "line": 11, "column": 21 },
        "end": { "line": 26, "column": 2 }
      },
      "6": {
        "start": { "line": 24, "column": 14 },
        "end": { "line": 26, "column": 1 }
      },
      "7": {
        "start": { "line": 28, "column": 26 },
        "end": { "line": 34, "column": 2 }
      },
      "8": {
        "start": { "line": 36, "column": 24 },
        "end": { "line": 51, "column": 2 }
      },
      "9": {
        "start": { "line": 45, "column": 14 },
        "end": { "line": 51, "column": 1 }
      },
      "10": {
        "start": { "line": 53, "column": 21 },
        "end": { "line": 70, "column": 2 }
      },
      "11": {
        "start": { "line": 59, "column": 14 },
        "end": { "line": 70, "column": 1 }
      },
      "12": {
        "start": { "line": 72, "column": 22 },
        "end": { "line": 86, "column": 2 }
      },
      "13": {
        "start": { "line": 80, "column": 14 },
        "end": { "line": 86, "column": 1 }
      },
      "14": {
        "start": { "line": 88, "column": 26 },
        "end": { "line": 105, "column": 2 }
      },
      "15": {
        "start": { "line": 94, "column": 14 },
        "end": { "line": 105, "column": 1 }
      },
      "16": {
        "start": { "line": 107, "column": 24 },
        "end": { "line": 127, "column": 2 }
      },
      "17": {
        "start": { "line": 116, "column": 14 },
        "end": { "line": 127, "column": 1 }
      },
      "18": {
        "start": { "line": 129, "column": 25 },
        "end": { "line": 149, "column": 2 }
      },
      "19": {
        "start": { "line": 137, "column": 14 },
        "end": { "line": 149, "column": 1 }
      }
    },
    "fnMap": {
      "0": {
        "name": "(anonymous_0)",
        "decl": {
          "start": { "line": 24, "column": 3 },
          "end": { "line": 24, "column": 4 }
        },
        "loc": {
          "start": { "line": 24, "column": 14 },
          "end": { "line": 26, "column": 1 }
        },
        "line": 24
      },
      "1": {
        "name": "(anonymous_1)",
        "decl": {
          "start": { "line": 45, "column": 3 },
          "end": { "line": 45, "column": 4 }
        },
        "loc": {
          "start": { "line": 45, "column": 14 },
          "end": { "line": 51, "column": 1 }
        },
        "line": 45
      },
      "2": {
        "name": "(anonymous_2)",
        "decl": {
          "start": { "line": 59, "column": 3 },
          "end": { "line": 59, "column": 4 }
        },
        "loc": {
          "start": { "line": 59, "column": 14 },
          "end": { "line": 70, "column": 1 }
        },
        "line": 59
      },
      "3": {
        "name": "(anonymous_3)",
        "decl": {
          "start": { "line": 80, "column": 3 },
          "end": { "line": 80, "column": 4 }
        },
        "loc": {
          "start": { "line": 80, "column": 14 },
          "end": { "line": 86, "column": 1 }
        },
        "line": 80
      },
      "4": {
        "name": "(anonymous_4)",
        "decl": {
          "start": { "line": 94, "column": 3 },
          "end": { "line": 94, "column": 4 }
        },
        "loc": {
          "start": { "line": 94, "column": 14 },
          "end": { "line": 105, "column": 1 }
        },
        "line": 94
      },
      "5": {
        "name": "(anonymous_5)",
        "decl": {
          "start": { "line": 116, "column": 3 },
          "end": { "line": 116, "column": 4 }
        },
        "loc": {
          "start": { "line": 116, "column": 14 },
          "end": { "line": 127, "column": 1 }
        },
        "line": 116
      },
      "6": {
        "name": "(anonymous_6)",
        "decl": {
          "start": { "line": 137, "column": 3 },
          "end": { "line": 137, "column": 4 }
        },
        "loc": {
          "start": { "line": 137, "column": 14 },
          "end": { "line": 149, "column": 1 }
        },
        "line": 137
      }
    },
    "branchMap": {},
    "s": {
      "0": 3,
      "1": 3,
      "2": 3,
      "3": 3,
      "4": 3,
      "5": 3,
      "6": 0,
      "7": 3,
      "8": 3,
      "9": 0,
      "10": 3,
      "11": 0,
      "12": 3,
      "13": 0,
      "14": 3,
      "15": 0,
      "16": 3,
      "17": 0,
      "18": 3,
      "19": 0
    },
    "f": { "0": 0, "1": 0, "2": 0, "3": 0, "4": 0, "5": 0, "6": 0 },
    "b": {},
    "inputSourceMap": null,
    "_coverageSchema": "1a1c01bbd47fc00a2c39e90264f33305004495a9",
    "hash": "3265584c24fe71fa7e03ddfb71cbd9056b8f36cd"
  },
  "C:\\Users\\L O Q\\Documents\\VINTAGENSHITT PROJECT\\vintangenshitt\\src\\controllers\\auth.controller.js": {
    "path": "C:\\Users\\L O Q\\Documents\\VINTAGENSHITT PROJECT\\vintangenshitt\\src\\controllers\\auth.controller.js",
    "statementMap": {
      "0": {
        "start": { "line": 8, "column": 19 },
        "end": { "line": 8, "column": 72 }
      },
      "1": {
        "start": { "line": 14, "column": 24 },
        "end": { "line": 64, "column": 2 }
      },
      "2": {
        "start": { "line": 15, "column": 84 },
        "end": { "line": 15, "column": 92 }
      },
      "3": {
        "start": { "line": 18, "column": 21 },
        "end": { "line": 21, "column": 17 }
      },
      "4": {
        "start": { "line": 23, "column": 4 },
        "end": { "line": 28, "column": 5 }
      },
      "5": {
        "start": { "line": 24, "column": 8 },
        "end": { "line": 27, "column": 11 }
      },
      "6": {
        "start": { "line": 31, "column": 17 },
        "end": { "line": 31, "column": 41 }
      },
      "7": {
        "start": { "line": 32, "column": 27 },
        "end": { "line": 32, "column": 60 }
      },
      "8": {
        "start": { "line": 35, "column": 22 },
        "end": { "line": 50, "column": 6 }
      },
      "9": {
        "start": { "line": 53, "column": 18 },
        "end": { "line": 57, "column": 5 }
      },
      "10": {
        "start": { "line": 59, "column": 4 },
        "end": { "line": 63, "column": 7 }
      },
      "11": {
        "start": { "line": 70, "column": 21 },
        "end": { "line": 115, "column": 2 }
      },
      "12": {
        "start": { "line": 71, "column": 32 },
        "end": { "line": 71, "column": 40 }
      },
      "13": {
        "start": { "line": 74, "column": 19 },
        "end": { "line": 77, "column": 17 }
      },
      "14": {
        "start": { "line": 79, "column": 4 },
        "end": { "line": 84, "column": 5 }
      },
      "15": {
        "start": { "line": 80, "column": 8 },
        "end": { "line": 83, "column": 11 }
      },
      "16": {
        "start": { "line": 87, "column": 20 },
        "end": { "line": 87, "column": 65 }
      },
      "17": {
        "start": { "line": 88, "column": 4 },
        "end": { "line": 93, "column": 5 }
      },
      "18": {
        "start": { "line": 89, "column": 8 },
        "end": { "line": 92, "column": 11 }
      },
      "19": {
        "start": { "line": 96, "column": 18 },
        "end": { "line": 100, "column": 5 }
      },
      "20": {
        "start": { "line": 102, "column": 4 },
        "end": { "line": 114, "column": 7 }
      }
    },
    "fnMap": {
      "0": {
        "name": "(anonymous_0)",
        "decl": {
          "start": { "line": 14, "column": 37 },
          "end": { "line": 14, "column": 38 }
        },
        "loc": {
          "start": { "line": 14, "column": 57 },
          "end": { "line": 64, "column": 1 }
        },
        "line": 14
      },
      "1": {
        "name": "(anonymous_1)",
        "decl": {
          "start": { "line": 70, "column": 34 },
          "end": { "line": 70, "column": 35 }
        },
        "loc": {
          "start": { "line": 70, "column": 54 },
          "end": { "line": 115, "column": 1 }
        },
        "line": 70
      }
    },
    "branchMap": {
      "0": {
        "loc": {
          "start": { "line": 8, "column": 19 },
          "end": { "line": 8, "column": 72 }
        },
        "type": "binary-expr",
        "locations": [
          {
            "start": { "line": 8, "column": 19 },
            "end": { "line": 8, "column": 41 }
          },
          {
            "start": { "line": 8, "column": 45 },
            "end": { "line": 8, "column": 72 }
          }
        ],
        "line": 8
      },
      "1": {
        "loc": {
          "start": { "line": 23, "column": 4 },
          "end": { "line": 28, "column": 5 }
        },
        "type": "if",
        "locations": [
          {
            "start": { "line": 23, "column": 4 },
            "end": { "line": 28, "column": 5 }
          },
          { "start": {}, "end": {} }
        ],
        "line": 23
      },
      "2": {
        "loc": {
          "start": { "line": 79, "column": 4 },
          "end": { "line": 84, "column": 5 }
        },
        "type": "if",
        "locations": [
          {
            "start": { "line": 79, "column": 4 },
            "end": { "line": 84, "column": 5 }
          },
          { "start": {}, "end": {} }
        ],
        "line": 79
      },
      "3": {
        "loc": {
          "start": { "line": 88, "column": 4 },
          "end": { "line": 93, "column": 5 }
        },
        "type": "if",
        "locations": [
          {
            "start": { "line": 88, "column": 4 },
            "end": { "line": 93, "column": 5 }
          },
          { "start": {}, "end": {} }
        ],
        "line": 88
      }
    },
    "s": {
      "0": 4,
      "1": 4,
      "2": 3,
      "3": 3,
      "4": 3,
      "5": 1,
      "6": 2,
      "7": 2,
      "8": 2,
      "9": 2,
      "10": 1,
      "11": 4,
      "12": 4,
      "13": 4,
      "14": 4,
      "15": 2,
      "16": 2,
      "17": 2,
      "18": 1,
      "19": 1,
      "20": 1
    },
    "f": { "0": 3, "1": 4 },
    "b": { "0": [4, 4], "1": [1, 2], "2": [2, 2], "3": [1, 1] },
    "inputSourceMap": null,
    "_coverageSchema": "1a1c01bbd47fc00a2c39e90264f33305004495a9",
    "hash": "49786707d52278ec4bef264cd2bad57a22bc8a2a"
  },
  "C:\\Users\\L O Q\\Documents\\VINTAGENSHITT PROJECT\\vintangenshitt\\src\\controllers\\cart.controller.js": {
    "path": "C:\\Users\\L O Q\\Documents\\VINTAGENSHITT PROJECT\\vintangenshitt\\src\\controllers\\cart.controller.js",
    "statementMap": {
      "0": {
        "start": { "line": 10, "column": 23 },
        "end": { "line": 38, "column": 2 }
      },
      "1": {
        "start": { "line": 11, "column": 22 },
        "end": { "line": 23, "column": 45 }
      },
      "2": {
        "start": { "line": 26, "column": 18 },
        "end": { "line": 28, "column": 9 }
      },
      "3": {
        "start": { "line": 27, "column": 8 },
        "end": { "line": 27, "column": 64 }
      },
      "4": {
        "start": { "line": 30, "column": 4 },
        "end": { "line": 37, "column": 7 }
      },
      "5": {
        "start": { "line": 44, "column": 25 },
        "end": { "line": 107, "column": 2 }
      },
      "6": {
        "start": { "line": 45, "column": 31 },
        "end": { "line": 45, "column": 39 }
      },
      "7": {
        "start": { "line": 48, "column": 22 },
        "end": { "line": 51, "column": 17 }
      },
      "8": {
        "start": { "line": 53, "column": 4 },
        "end": { "line": 55, "column": 5 }
      },
      "9": {
        "start": { "line": 54, "column": 8 },
        "end": { "line": 54, "column": 87 }
      },
      "10": {
        "start": { "line": 57, "column": 4 },
        "end": { "line": 62, "column": 5 }
      },
      "11": {
        "start": { "line": 58, "column": 8 },
        "end": { "line": 61, "column": 11 }
      },
      "12": {
        "start": { "line": 65, "column": 27 },
        "end": { "line": 71, "column": 17 }
      },
      "13": {
        "start": { "line": 73, "column": 4 },
        "end": { "line": 93, "column": 5 }
      },
      "14": {
        "start": { "line": 75, "column": 23 },
        "end": { "line": 75, "column": 45 }
      },
      "15": {
        "start": { "line": 76, "column": 8 },
        "end": { "line": 81, "column": 9 }
      },
      "16": {
        "start": { "line": 77, "column": 12 },
        "end": { "line": 80, "column": 15 }
      },
      "17": {
        "start": { "line": 83, "column": 26 },
        "end": { "line": 86, "column": 24 }
      },
      "18": {
        "start": { "line": 88, "column": 8 },
        "end": { "line": 92, "column": 11 }
      },
      "19": {
        "start": { "line": 96, "column": 22 },
        "end": { "line": 100, "column": 18 }
      },
      "20": {
        "start": { "line": 102, "column": 4 },
        "end": { "line": 106, "column": 7 }
      },
      "21": {
        "start": { "line": 113, "column": 30 },
        "end": { "line": 150, "column": 2 }
      },
      "22": {
        "start": { "line": 114, "column": 15 },
        "end": { "line": 114, "column": 38 }
      },
      "23": {
        "start": { "line": 115, "column": 20 },
        "end": { "line": 115, "column": 28 }
      },
      "24": {
        "start": { "line": 117, "column": 4 },
        "end": { "line": 119, "column": 5 }
      },
      "25": {
        "start": { "line": 118, "column": 8 },
        "end": { "line": 118, "column": 97 }
      },
      "26": {
        "start": { "line": 122, "column": 23 },
        "end": { "line": 125, "column": 17 }
      },
      "27": {
        "start": { "line": 127, "column": 4 },
        "end": { "line": 129, "column": 5 }
      },
      "28": {
        "start": { "line": 128, "column": 8 },
        "end": { "line": 128, "column": 89 }
      },
      "29": {
        "start": { "line": 132, "column": 22 },
        "end": { "line": 135, "column": 17 }
      },
      "30": {
        "start": { "line": 137, "column": 4 },
        "end": { "line": 142, "column": 5 }
      },
      "31": {
        "start": { "line": 138, "column": 8 },
        "end": { "line": 141, "column": 11 }
      },
      "32": {
        "start": { "line": 144, "column": 22 },
        "end": { "line": 147, "column": 20 }
      },
      "33": {
        "start": { "line": 149, "column": 4 },
        "end": { "line": 149, "column": 78 }
      },
      "34": {
        "start": { "line": 156, "column": 30 },
        "end": { "line": 168, "column": 2 }
      },
      "35": {
        "start": { "line": 157, "column": 15 },
        "end": { "line": 157, "column": 38 }
      },
      "36": {
        "start": { "line": 159, "column": 22 },
        "end": { "line": 161, "column": 36 }
      },
      "37": {
        "start": { "line": 163, "column": 4 },
        "end": { "line": 165, "column": 5 }
      },
      "38": {
        "start": { "line": 164, "column": 8 },
        "end": { "line": 164, "column": 89 }
      },
      "39": {
        "start": { "line": 167, "column": 4 },
        "end": { "line": 167, "column": 68 }
      },
      "40": {
        "start": { "line": 174, "column": 25 },
        "end": { "line": 178, "column": 2 }
      },
      "41": {
        "start": { "line": 175, "column": 4 },
        "end": { "line": 175, "column": 64 }
      },
      "42": {
        "start": { "line": 177, "column": 4 },
        "end": { "line": 177, "column": 58 }
      }
    },
    "fnMap": {
      "0": {
        "name": "(anonymous_0)",
        "decl": {
          "start": { "line": 10, "column": 36 },
          "end": { "line": 10, "column": 37 }
        },
        "loc": {
          "start": { "line": 10, "column": 56 },
          "end": { "line": 38, "column": 1 }
        },
        "line": 10
      },
      "1": {
        "name": "(anonymous_1)",
        "decl": {
          "start": { "line": 26, "column": 35 },
          "end": { "line": 26, "column": 36 }
        },
        "loc": {
          "start": { "line": 26, "column": 50 },
          "end": { "line": 28, "column": 5 }
        },
        "line": 26
      },
      "2": {
        "name": "(anonymous_2)",
        "decl": {
          "start": { "line": 44, "column": 38 },
          "end": { "line": 44, "column": 39 }
        },
        "loc": {
          "start": { "line": 44, "column": 58 },
          "end": { "line": 107, "column": 1 }
        },
        "line": 44
      },
      "3": {
        "name": "(anonymous_3)",
        "decl": {
          "start": { "line": 113, "column": 43 },
          "end": { "line": 113, "column": 44 }
        },
        "loc": {
          "start": { "line": 113, "column": 63 },
          "end": { "line": 150, "column": 1 }
        },
        "line": 113
      },
      "4": {
        "name": "(anonymous_4)",
        "decl": {
          "start": { "line": 156, "column": 43 },
          "end": { "line": 156, "column": 44 }
        },
        "loc": {
          "start": { "line": 156, "column": 63 },
          "end": { "line": 168, "column": 1 }
        },
        "line": 156
      },
      "5": {
        "name": "(anonymous_5)",
        "decl": {
          "start": { "line": 174, "column": 38 },
          "end": { "line": 174, "column": 39 }
        },
        "loc": {
          "start": { "line": 174, "column": 58 },
          "end": { "line": 178, "column": 1 }
        },
        "line": 174
      }
    },
    "branchMap": {
      "0": {
        "loc": {
          "start": { "line": 53, "column": 4 },
          "end": { "line": 55, "column": 5 }
        },
        "type": "if",
        "locations": [
          {
            "start": { "line": 53, "column": 4 },
            "end": { "line": 55, "column": 5 }
          },
          { "start": {}, "end": {} }
        ],
        "line": 53
      },
      "1": {
        "loc": {
          "start": { "line": 57, "column": 4 },
          "end": { "line": 62, "column": 5 }
        },
        "type": "if",
        "locations": [
          {
            "start": { "line": 57, "column": 4 },
            "end": { "line": 62, "column": 5 }
          },
          { "start": {}, "end": {} }
        ],
        "line": 57
      },
      "2": {
        "loc": {
          "start": { "line": 73, "column": 4 },
          "end": { "line": 93, "column": 5 }
        },
        "type": "if",
        "locations": [
          {
            "start": { "line": 73, "column": 4 },
            "end": { "line": 93, "column": 5 }
          },
          { "start": {}, "end": {} }
        ],
        "line": 73
      },
      "3": {
        "loc": {
          "start": { "line": 76, "column": 8 },
          "end": { "line": 81, "column": 9 }
        },
        "type": "if",
        "locations": [
          {
            "start": { "line": 76, "column": 8 },
            "end": { "line": 81, "column": 9 }
          },
          { "start": {}, "end": {} }
        ],
        "line": 76
      },
      "4": {
        "loc": {
          "start": { "line": 117, "column": 4 },
          "end": { "line": 119, "column": 5 }
        },
        "type": "if",
        "locations": [
          {
            "start": { "line": 117, "column": 4 },
            "end": { "line": 119, "column": 5 }
          },
          { "start": {}, "end": {} }
        ],
        "line": 117
      },
      "5": {
        "loc": {
          "start": { "line": 117, "column": 8 },
          "end": { "line": 117, "column": 23 }
        },
        "type": "binary-expr",
        "locations": [
          {
            "start": { "line": 117, "column": 8 },
            "end": { "line": 117, "column": 12 }
          },
          {
            "start": { "line": 117, "column": 16 },
            "end": { "line": 117, "column": 23 }
          }
        ],
        "line": 117
      },
      "6": {
        "loc": {
          "start": { "line": 127, "column": 4 },
          "end": { "line": 129, "column": 5 }
        },
        "type": "if",
        "locations": [
          {
            "start": { "line": 127, "column": 4 },
            "end": { "line": 129, "column": 5 }
          },
          { "start": {}, "end": {} }
        ],
        "line": 127
      },
      "7": {
        "loc": {
          "start": { "line": 137, "column": 4 },
          "end": { "line": 142, "column": 5 }
        },
        "type": "if",
        "locations": [
          {
            "start": { "line": 137, "column": 4 },
            "end": { "line": 142, "column": 5 }
          },
          { "start": {}, "end": {} }
        ],
        "line": 137
      },
      "8": {
        "loc": {
          "start": { "line": 137, "column": 8 },
          "end": { "line": 137, "column": 41 }
        },
        "type": "binary-expr",
        "locations": [
          {
            "start": { "line": 137, "column": 8 },
            "end": { "line": 137, "column": 15 }
          },
          {
            "start": { "line": 137, "column": 19 },
            "end": { "line": 137, "column": 41 }
          }
        ],
        "line": 137
      },
      "9": {
        "loc": {
          "start": { "line": 163, "column": 4 },
          "end": { "line": 165, "column": 5 }
        },
        "type": "if",
        "locations": [
          {
            "start": { "line": 163, "column": 4 },
            "end": { "line": 165, "column": 5 }
          },
          { "start": {}, "end": {} }
        ],
        "line": 163
      }
    },
    "s": {
      "0": 4,
      "1": 2,
      "2": 2,
      "3": 2,
      "4": 2,
      "5": 4,
      "6": 3,
      "7": 3,
      "8": 3,
      "9": 1,
      "10": 2,
      "11": 1,
      "12": 1,
      "13": 1,
      "14": 0,
      "15": 0,
      "16": 0,
      "17": 0,
      "18": 0,
      "19": 1,
      "20": 1,
      "21": 4,
      "22": 0,
      "23": 0,
      "24": 0,
      "25": 0,
      "26": 0,
      "27": 0,
      "28": 0,
      "29": 0,
      "30": 0,
      "31": 0,
      "32": 0,
      "33": 0,
      "34": 4,
      "35": 2,
      "36": 2,
      "37": 2,
      "38": 1,
      "39": 1,
      "40": 4,
      "41": 1,
      "42": 1
    },
    "f": { "0": 2, "1": 2, "2": 3, "3": 0, "4": 2, "5": 1 },
    "b": {
      "0": [1, 2],
      "1": [1, 1],
      "2": [0, 1],
      "3": [0, 0],
      "4": [0, 0],
      "5": [0, 0],
      "6": [0, 0],
      "7": [0, 0],
      "8": [0, 0],
      "9": [1, 1]
    },
    "inputSourceMap": null,
    "_coverageSchema": "1a1c01bbd47fc00a2c39e90264f33305004495a9",
    "hash": "4556342e80f69b42e24c14c6caec0808a7f50d70"
  },
  "C:\\Users\\L O Q\\Documents\\VINTAGENSHITT PROJECT\\vintangenshitt\\src\\controllers\\category.controller.js": {
    "path": "C:\\Users\\L O Q\\Documents\\VINTAGENSHITT PROJECT\\vintangenshitt\\src\\controllers\\category.controller.js",
    "statementMap": {
      "0": {
        "start": { "line": 10, "column": 32 },
        "end": { "line": 24, "column": 2 }
      },
      "1": {
        "start": { "line": 11, "column": 20 },
        "end": { "line": 11, "column": 57 }
      },
      "2": {
        "start": { "line": 13, "column": 16 },
        "end": { "line": 13, "column": 80 }
      },
      "3": {
        "start": { "line": 15, "column": 4 },
        "end": { "line": 19, "column": 5 }
      },
      "4": {
        "start": { "line": 16, "column": 8 },
        "end": { "line": 18, "column": 49 }
      },
      "5": {
        "start": { "line": 21, "column": 26 },
        "end": { "line": 21, "column": 37 }
      },
      "6": {
        "start": { "line": 23, "column": 4 },
        "end": { "line": 23, "column": 53 }
      },
      "7": {
        "start": { "line": 30, "column": 31 },
        "end": { "line": 43, "column": 2 }
      },
      "8": {
        "start": { "line": 31, "column": 15 },
        "end": { "line": 31, "column": 38 }
      },
      "9": {
        "start": { "line": 33, "column": 23 },
        "end": { "line": 36, "column": 17 }
      },
      "10": {
        "start": { "line": 38, "column": 4 },
        "end": { "line": 40, "column": 5 }
      },
      "11": {
        "start": { "line": 39, "column": 8 },
        "end": { "line": 39, "column": 88 }
      },
      "12": {
        "start": { "line": 42, "column": 4 },
        "end": { "line": 42, "column": 48 }
      },
      "13": {
        "start": { "line": 49, "column": 30 },
        "end": { "line": 63, "column": 2 }
      },
      "14": {
        "start": { "line": 50, "column": 42 },
        "end": { "line": 50, "column": 50 }
      },
      "15": {
        "start": { "line": 52, "column": 26 },
        "end": { "line": 56, "column": 18 }
      },
      "16": {
        "start": { "line": 58, "column": 4 },
        "end": { "line": 62, "column": 7 }
      },
      "17": {
        "start": { "line": 69, "column": 30 },
        "end": { "line": 87, "column": 2 }
      },
      "18": {
        "start": { "line": 70, "column": 15 },
        "end": { "line": 70, "column": 38 }
      },
      "19": {
        "start": { "line": 71, "column": 42 },
        "end": { "line": 71, "column": 50 }
      },
      "20": {
        "start": { "line": 73, "column": 22 },
        "end": { "line": 80, "column": 20 }
      },
      "21": {
        "start": { "line": 82, "column": 4 },
        "end": { "line": 84, "column": 5 }
      },
      "22": {
        "start": { "line": 83, "column": 8 },
        "end": { "line": 83, "column": 88 }
      },
      "23": {
        "start": { "line": 86, "column": 4 },
        "end": { "line": 86, "column": 77 }
      },
      "24": {
        "start": { "line": 93, "column": 30 },
        "end": { "line": 105, "column": 2 }
      },
      "25": {
        "start": { "line": 94, "column": 15 },
        "end": { "line": 94, "column": 38 }
      },
      "26": {
        "start": { "line": 96, "column": 22 },
        "end": { "line": 98, "column": 41 }
      },
      "27": {
        "start": { "line": 100, "column": 4 },
        "end": { "line": 102, "column": 5 }
      },
      "28": {
        "start": { "line": 101, "column": 8 },
        "end": { "line": 101, "column": 88 }
      },
      "29": {
        "start": { "line": 104, "column": 4 },
        "end": { "line": 104, "column": 62 }
      }
    },
    "fnMap": {
      "0": {
        "name": "(anonymous_0)",
        "decl": {
          "start": { "line": 10, "column": 45 },
          "end": { "line": 10, "column": 46 }
        },
        "loc": {
          "start": { "line": 10, "column": 65 },
          "end": { "line": 24, "column": 1 }
        },
        "line": 10
      },
      "1": {
        "name": "(anonymous_1)",
        "decl": {
          "start": { "line": 30, "column": 44 },
          "end": { "line": 30, "column": 45 }
        },
        "loc": {
          "start": { "line": 30, "column": 64 },
          "end": { "line": 43, "column": 1 }
        },
        "line": 30
      },
      "2": {
        "name": "(anonymous_2)",
        "decl": {
          "start": { "line": 49, "column": 43 },
          "end": { "line": 49, "column": 44 }
        },
        "loc": {
          "start": { "line": 49, "column": 63 },
          "end": { "line": 63, "column": 1 }
        },
        "line": 49
      },
      "3": {
        "name": "(anonymous_3)",
        "decl": {
          "start": { "line": 69, "column": 43 },
          "end": { "line": 69, "column": 44 }
        },
        "loc": {
          "start": { "line": 69, "column": 63 },
          "end": { "line": 87, "column": 1 }
        },
        "line": 69
      },
      "4": {
        "name": "(anonymous_4)",
        "decl": {
          "start": { "line": 93, "column": 43 },
          "end": { "line": 93, "column": 44 }
        },
        "loc": {
          "start": { "line": 93, "column": 63 },
          "end": { "line": 105, "column": 1 }
        },
        "line": 93
      }
    },
    "branchMap": {
      "0": {
        "loc": {
          "start": { "line": 11, "column": 20 },
          "end": { "line": 11, "column": 57 }
        },
        "type": "binary-expr",
        "locations": [
          {
            "start": { "line": 11, "column": 20 },
            "end": { "line": 11, "column": 28 }
          },
          {
            "start": { "line": 11, "column": 32 },
            "end": { "line": 11, "column": 57 }
          }
        ],
        "line": 11
      },
      "1": {
        "loc": {
          "start": { "line": 15, "column": 4 },
          "end": { "line": 19, "column": 5 }
        },
        "type": "if",
        "locations": [
          {
            "start": { "line": 15, "column": 4 },
            "end": { "line": 19, "column": 5 }
          },
          { "start": {}, "end": {} }
        ],
        "line": 15
      },
      "2": {
        "loc": {
          "start": { "line": 38, "column": 4 },
          "end": { "line": 40, "column": 5 }
        },
        "type": "if",
        "locations": [
          {
            "start": { "line": 38, "column": 4 },
            "end": { "line": 40, "column": 5 }
          },
          { "start": {}, "end": {} }
        ],
        "line": 38
      },
      "3": {
        "loc": {
          "start": { "line": 54, "column": 21 },
          "end": { "line": 54, "column": 40 }
        },
        "type": "binary-expr",
        "locations": [
          {
            "start": { "line": 54, "column": 21 },
            "end": { "line": 54, "column": 32 }
          },
          {
            "start": { "line": 54, "column": 36 },
            "end": { "line": 54, "column": 40 }
          }
        ],
        "line": 54
      },
      "4": {
        "loc": {
          "start": { "line": 55, "column": 16 },
          "end": { "line": 55, "column": 34 }
        },
        "type": "binary-expr",
        "locations": [
          {
            "start": { "line": 55, "column": 16 },
            "end": { "line": 55, "column": 22 }
          },
          {
            "start": { "line": 55, "column": 26 },
            "end": { "line": 55, "column": 34 }
          }
        ],
        "line": 55
      },
      "5": {
        "loc": {
          "start": { "line": 75, "column": 16 },
          "end": { "line": 75, "column": 46 }
        },
        "type": "binary-expr",
        "locations": [
          {
            "start": { "line": 75, "column": 16 },
            "end": { "line": 75, "column": 34 }
          },
          {
            "start": { "line": 75, "column": 38 },
            "end": { "line": 75, "column": 46 }
          }
        ],
        "line": 75
      },
      "6": {
        "loc": {
          "start": { "line": 76, "column": 16 },
          "end": { "line": 76, "column": 60 }
        },
        "type": "binary-expr",
        "locations": [
          {
            "start": { "line": 76, "column": 16 },
            "end": { "line": 76, "column": 41 }
          },
          {
            "start": { "line": 76, "column": 45 },
            "end": { "line": 76, "column": 60 }
          }
        ],
        "line": 76
      },
      "7": {
        "loc": {
          "start": { "line": 77, "column": 16 },
          "end": { "line": 77, "column": 50 }
        },
        "type": "binary-expr",
        "locations": [
          {
            "start": { "line": 77, "column": 16 },
            "end": { "line": 77, "column": 36 }
          },
          {
            "start": { "line": 77, "column": 40 },
            "end": { "line": 77, "column": 50 }
          }
        ],
        "line": 77
      },
      "8": {
        "loc": {
          "start": { "line": 82, "column": 4 },
          "end": { "line": 84, "column": 5 }
        },
        "type": "if",
        "locations": [
          {
            "start": { "line": 82, "column": 4 },
            "end": { "line": 84, "column": 5 }
          },
          { "start": {}, "end": {} }
        ],
        "line": 82
      },
      "9": {
        "loc": {
          "start": { "line": 100, "column": 4 },
          "end": { "line": 102, "column": 5 }
        },
        "type": "if",
        "locations": [
          {
            "start": { "line": 100, "column": 4 },
            "end": { "line": 102, "column": 5 }
          },
          { "start": {}, "end": {} }
        ],
        "line": 100
      }
    },
    "s": {
      "0": 4,
      "1": 1,
      "2": 1,
      "3": 1,
      "4": 1,
      "5": 1,
      "6": 1,
      "7": 4,
      "8": 2,
      "9": 2,
      "10": 2,
      "11": 1,
      "12": 1,
      "13": 4,
      "14": 1,
      "15": 1,
      "16": 1,
      "17": 4,
      "18": 2,
      "19": 2,
      "20": 2,
      "21": 2,
      "22": 1,
      "23": 1,
      "24": 4,
      "25": 2,
      "26": 2,
      "27": 2,
      "28": 1,
      "29": 1
    },
    "f": { "0": 1, "1": 2, "2": 1, "3": 2, "4": 2 },
    "b": {
      "0": [1, 0],
      "1": [1, 0],
      "2": [1, 1],
      "3": [1, 0],
      "4": [1, 1],
      "5": [2, 2],
      "6": [2, 0],
      "7": [2, 0],
      "8": [1, 1],
      "9": [1, 1]
    },
    "inputSourceMap": null,
    "_coverageSchema": "1a1c01bbd47fc00a2c39e90264f33305004495a9",
    "hash": "a9b654c358cea759fe1b2181edd42a3d39fb13a6"
  },
  "C:\\Users\\L O Q\\Documents\\VINTAGENSHITT PROJECT\\vintangenshitt\\src\\controllers\\order.controller.js": {
    "path": "C:\\Users\\L O Q\\Documents\\VINTAGENSHITT PROJECT\\vintangenshitt\\src\\controllers\\order.controller.js",
    "statementMap": {
      "0": {
        "start": { "line": 12, "column": 24 },
        "end": { "line": 156, "column": 2 }
      },
      "1": {
        "start": { "line": 13, "column": 57 },
        "end": { "line": 13, "column": 65 }
      },
      "2": {
        "start": { "line": 14, "column": 19 },
        "end": { "line": 14, "column": 30 }
      },
      "3": {
        "start": { "line": 17, "column": 22 },
        "end": { "line": 27, "column": 40 }
      },
      "4": {
        "start": { "line": 29, "column": 4 },
        "end": { "line": 34, "column": 5 }
      },
      "5": {
        "start": { "line": 30, "column": 8 },
        "end": { "line": 33, "column": 11 }
      },
      "6": {
        "start": { "line": 37, "column": 4 },
        "end": { "line": 50, "column": 5 }
      },
      "7": {
        "start": { "line": 38, "column": 8 },
        "end": { "line": 43, "column": 9 }
      },
      "8": {
        "start": { "line": 39, "column": 12 },
        "end": { "line": 42, "column": 15 }
      },
      "9": {
        "start": { "line": 44, "column": 8 },
        "end": { "line": 49, "column": 9 }
      },
      "10": {
        "start": { "line": 45, "column": 12 },
        "end": { "line": 48, "column": 15 }
      },
      "11": {
        "start": { "line": 53, "column": 24 },
        "end": { "line": 55, "column": 9 }
      },
      "12": {
        "start": { "line": 54, "column": 8 },
        "end": { "line": 54, "column": 64 }
      },
      "13": {
        "start": { "line": 58, "column": 20 },
        "end": { "line": 63, "column": 18 }
      },
      "14": {
        "start": { "line": 66, "column": 28 },
        "end": { "line": 71, "column": 7 }
      },
      "15": {
        "start": { "line": 66, "column": 51 },
        "end": { "line": 71, "column": 5 }
      },
      "16": {
        "start": { "line": 73, "column": 4 },
        "end": { "line": 73, "column": 56 }
      },
      "17": {
        "start": { "line": 76, "column": 22 },
        "end": { "line": 82, "column": 18 }
      },
      "18": {
        "start": { "line": 85, "column": 4 },
        "end": { "line": 89, "column": 5 }
      },
      "19": {
        "start": { "line": 86, "column": 8 },
        "end": { "line": 88, "column": 52 }
      },
      "20": {
        "start": { "line": 92, "column": 4 },
        "end": { "line": 92, "column": 59 }
      },
      "21": {
        "start": { "line": 95, "column": 22 },
        "end": { "line": 95, "column": 24 }
      },
      "22": {
        "start": { "line": 97, "column": 4 },
        "end": { "line": 146, "column": 5 }
      },
      "23": {
        "start": { "line": 99, "column": 30 },
        "end": { "line": 114, "column": 9 }
      },
      "24": {
        "start": { "line": 107, "column": 49 },
        "end": { "line": 112, "column": 13 }
      },
      "25": {
        "start": { "line": 116, "column": 28 },
        "end": { "line": 116, "column": 71 }
      },
      "26": {
        "start": { "line": 119, "column": 8 },
        "end": { "line": 121, "column": 48 }
      },
      "27": {
        "start": { "line": 123, "column": 8 },
        "end": { "line": 127, "column": 10 }
      },
      "28": {
        "start": { "line": 128, "column": 11 },
        "end": { "line": 146, "column": 5 }
      },
      "29": {
        "start": { "line": 130, "column": 31 },
        "end": { "line": 130, "column": 48 }
      },
      "30": {
        "start": { "line": 131, "column": 29 },
        "end": { "line": 135, "column": 9 }
      },
      "31": {
        "start": { "line": 138, "column": 8 },
        "end": { "line": 140, "column": 48 }
      },
      "32": {
        "start": { "line": 142, "column": 8 },
        "end": { "line": 145, "column": 10 }
      },
      "33": {
        "start": { "line": 148, "column": 4 },
        "end": { "line": 155, "column": 7 }
      },
      "34": {
        "start": { "line": 162, "column": 28 },
        "end": { "line": 198, "column": 2 }
      },
      "35": {
        "start": { "line": 163, "column": 17 },
        "end": { "line": 163, "column": 46 }
      },
      "36": {
        "start": { "line": 164, "column": 18 },
        "end": { "line": 164, "column": 49 }
      },
      "37": {
        "start": { "line": 165, "column": 19 },
        "end": { "line": 165, "column": 37 }
      },
      "38": {
        "start": { "line": 166, "column": 23 },
        "end": { "line": 166, "column": 32 }
      },
      "39": {
        "start": { "line": 167, "column": 20 },
        "end": { "line": 167, "column": 45 }
      },
      "40": {
        "start": { "line": 169, "column": 23 },
        "end": { "line": 169, "column": 25 }
      },
      "41": {
        "start": { "line": 170, "column": 4 },
        "end": { "line": 172, "column": 5 }
      },
      "42": {
        "start": { "line": 171, "column": 8 },
        "end": { "line": 171, "column": 56 }
      },
      "43": {
        "start": { "line": 173, "column": 4 },
        "end": { "line": 175, "column": 5 }
      },
      "44": {
        "start": { "line": 174, "column": 8 },
        "end": { "line": 174, "column": 51 }
      },
      "45": {
        "start": { "line": 177, "column": 24 },
        "end": { "line": 177, "column": 78 }
      },
      "46": {
        "start": { "line": 179, "column": 37 },
        "end": { "line": 189, "column": 6 }
      },
      "47": {
        "start": { "line": 191, "column": 18 },
        "end": { "line": 191, "column": 38 }
      },
      "48": {
        "start": { "line": 193, "column": 4 },
        "end": { "line": 197, "column": 7 }
      },
      "49": {
        "start": { "line": 204, "column": 28 },
        "end": { "line": 244, "column": 2 }
      },
      "50": {
        "start": { "line": 205, "column": 15 },
        "end": { "line": 205, "column": 38 }
      },
      "51": {
        "start": { "line": 206, "column": 20 },
        "end": { "line": 206, "column": 45 }
      },
      "52": {
        "start": { "line": 208, "column": 23 },
        "end": { "line": 208, "column": 42 }
      },
      "53": {
        "start": { "line": 209, "column": 4 },
        "end": { "line": 211, "column": 5 }
      },
      "54": {
        "start": { "line": 210, "column": 8 },
        "end": { "line": 210, "column": 56 }
      },
      "55": {
        "start": { "line": 213, "column": 20 },
        "end": { "line": 216, "column": 17 }
      },
      "56": {
        "start": { "line": 218, "column": 4 },
        "end": { "line": 220, "column": 5 }
      },
      "57": {
        "start": { "line": 219, "column": 8 },
        "end": { "line": 219, "column": 85 }
      },
      "58": {
        "start": { "line": 223, "column": 18 },
        "end": { "line": 232, "column": 42 }
      },
      "59": {
        "start": { "line": 235, "column": 22 },
        "end": { "line": 238, "column": 17 }
      },
      "60": {
        "start": { "line": 240, "column": 4 },
        "end": { "line": 243, "column": 7 }
      },
      "61": {
        "start": { "line": 250, "column": 33 },
        "end": { "line": 272, "column": 2 }
      },
      "62": {
        "start": { "line": 251, "column": 15 },
        "end": { "line": 251, "column": 38 }
      },
      "63": {
        "start": { "line": 252, "column": 23 },
        "end": { "line": 252, "column": 31 }
      },
      "64": {
        "start": { "line": 254, "column": 26 },
        "end": { "line": 254, "column": 88 }
      },
      "65": {
        "start": { "line": 255, "column": 4 },
        "end": { "line": 260, "column": 5 }
      },
      "66": {
        "start": { "line": 256, "column": 8 },
        "end": { "line": 259, "column": 11 }
      },
      "67": {
        "start": { "line": 262, "column": 22 },
        "end": { "line": 265, "column": 20 }
      },
      "68": {
        "start": { "line": 267, "column": 4 },
        "end": { "line": 269, "column": 5 }
      },
      "69": {
        "start": { "line": 268, "column": 8 },
        "end": { "line": 268, "column": 85 }
      },
      "70": {
        "start": { "line": 271, "column": 4 },
        "end": { "line": 271, "column": 81 }
      },
      "71": {
        "start": { "line": 278, "column": 27 },
        "end": { "line": 324, "column": 2 }
      },
      "72": {
        "start": { "line": 279, "column": 15 },
        "end": { "line": 279, "column": 38 }
      },
      "73": {
        "start": { "line": 282, "column": 20 },
        "end": { "line": 288, "column": 17 }
      },
      "74": {
        "start": { "line": 290, "column": 4 },
        "end": { "line": 292, "column": 5 }
      },
      "75": {
        "start": { "line": 291, "column": 8 },
        "end": { "line": 291, "column": 85 }
      },
      "76": {
        "start": { "line": 294, "column": 4 },
        "end": { "line": 299, "column": 5 }
      },
      "77": {
        "start": { "line": 295, "column": 8 },
        "end": { "line": 298, "column": 11 }
      },
      "78": {
        "start": { "line": 302, "column": 18 },
        "end": { "line": 304, "column": 42 }
      },
      "79": {
        "start": { "line": 306, "column": 4 },
        "end": { "line": 310, "column": 5 }
      },
      "80": {
        "start": { "line": 307, "column": 8 },
        "end": { "line": 309, "column": 52 }
      },
      "81": {
        "start": { "line": 313, "column": 22 },
        "end": { "line": 316, "column": 20 }
      },
      "82": {
        "start": { "line": 319, "column": 4 },
        "end": { "line": 321, "column": 41 }
      },
      "83": {
        "start": { "line": 323, "column": 4 },
        "end": { "line": 323, "column": 92 }
      }
    },
    "fnMap": {
      "0": {
        "name": "(anonymous_0)",
        "decl": {
          "start": { "line": 12, "column": 37 },
          "end": { "line": 12, "column": 38 }
        },
        "loc": {
          "start": { "line": 12, "column": 57 },
          "end": { "line": 156, "column": 1 }
        },
        "line": 12
      },
      "1": {
        "name": "(anonymous_1)",
        "decl": {
          "start": { "line": 53, "column": 41 },
          "end": { "line": 53, "column": 42 }
        },
        "loc": {
          "start": { "line": 53, "column": 56 },
          "end": { "line": 55, "column": 5 }
        },
        "line": 53
      },
      "2": {
        "name": "(anonymous_2)",
        "decl": {
          "start": { "line": 66, "column": 42 },
          "end": { "line": 66, "column": 43 }
        },
        "loc": {
          "start": { "line": 66, "column": 51 },
          "end": { "line": 71, "column": 5 }
        },
        "line": 66
      },
      "3": {
        "name": "(anonymous_3)",
        "decl": {
          "start": { "line": 107, "column": 40 },
          "end": { "line": 107, "column": 41 }
        },
        "loc": {
          "start": { "line": 107, "column": 49 },
          "end": { "line": 112, "column": 13 }
        },
        "line": 107
      },
      "4": {
        "name": "(anonymous_4)",
        "decl": {
          "start": { "line": 162, "column": 41 },
          "end": { "line": 162, "column": 42 }
        },
        "loc": {
          "start": { "line": 162, "column": 61 },
          "end": { "line": 198, "column": 1 }
        },
        "line": 162
      },
      "5": {
        "name": "(anonymous_5)",
        "decl": {
          "start": { "line": 204, "column": 41 },
          "end": { "line": 204, "column": 42 }
        },
        "loc": {
          "start": { "line": 204, "column": 61 },
          "end": { "line": 244, "column": 1 }
        },
        "line": 204
      },
      "6": {
        "name": "(anonymous_6)",
        "decl": {
          "start": { "line": 250, "column": 46 },
          "end": { "line": 250, "column": 47 }
        },
        "loc": {
          "start": { "line": 250, "column": 66 },
          "end": { "line": 272, "column": 1 }
        },
        "line": 250
      },
      "7": {
        "name": "(anonymous_7)",
        "decl": {
          "start": { "line": 278, "column": 40 },
          "end": { "line": 278, "column": 41 }
        },
        "loc": {
          "start": { "line": 278, "column": 60 },
          "end": { "line": 324, "column": 1 }
        },
        "line": 278
      }
    },
    "branchMap": {
      "0": {
        "loc": {
          "start": { "line": 29, "column": 4 },
          "end": { "line": 34, "column": 5 }
        },
        "type": "if",
        "locations": [
          {
            "start": { "line": 29, "column": 4 },
            "end": { "line": 34, "column": 5 }
          },
          { "start": {}, "end": {} }
        ],
        "line": 29
      },
      "1": {
        "loc": {
          "start": { "line": 38, "column": 8 },
          "end": { "line": 43, "column": 9 }
        },
        "type": "if",
        "locations": [
          {
            "start": { "line": 38, "column": 8 },
            "end": { "line": 43, "column": 9 }
          },
          { "start": {}, "end": {} }
        ],
        "line": 38
      },
      "2": {
        "loc": {
          "start": { "line": 44, "column": 8 },
          "end": { "line": 49, "column": 9 }
        },
        "type": "if",
        "locations": [
          {
            "start": { "line": 44, "column": 8 },
            "end": { "line": 49, "column": 9 }
          },
          { "start": {}, "end": {} }
        ],
        "line": 44
      },
      "3": {
        "loc": {
          "start": { "line": 97, "column": 4 },
          "end": { "line": 146, "column": 5 }
        },
        "type": "if",
        "locations": [
          {
            "start": { "line": 97, "column": 4 },
            "end": { "line": 146, "column": 5 }
          },
          {
            "start": { "line": 128, "column": 11 },
            "end": { "line": 146, "column": 5 }
          }
        ],
        "line": 97
      },
      "4": {
        "loc": {
          "start": { "line": 128, "column": 11 },
          "end": { "line": 146, "column": 5 }
        },
        "type": "if",
        "locations": [
          {
            "start": { "line": 128, "column": 11 },
            "end": { "line": 146, "column": 5 }
          },
          { "start": {}, "end": {} }
        ],
        "line": 128
      },
      "5": {
        "loc": {
          "start": { "line": 130, "column": 31 },
          "end": { "line": 130, "column": 48 }
        },
        "type": "binary-expr",
        "locations": [
          {
            "start": { "line": 130, "column": 31 },
            "end": { "line": 130, "column": 39 }
          },
          {
            "start": { "line": 130, "column": 43 },
            "end": { "line": 130, "column": 48 }
          }
        ],
        "line": 130
      },
      "6": {
        "loc": {
          "start": { "line": 163, "column": 17 },
          "end": { "line": 163, "column": 46 }
        },
        "type": "binary-expr",
        "locations": [
          {
            "start": { "line": 163, "column": 17 },
            "end": { "line": 163, "column": 41 }
          },
          {
            "start": { "line": 163, "column": 45 },
            "end": { "line": 163, "column": 46 }
          }
        ],
        "line": 163
      },
      "7": {
        "loc": {
          "start": { "line": 164, "column": 18 },
          "end": { "line": 164, "column": 49 }
        },
        "type": "binary-expr",
        "locations": [
          {
            "start": { "line": 164, "column": 18 },
            "end": { "line": 164, "column": 43 }
          },
          {
            "start": { "line": 164, "column": 47 },
            "end": { "line": 164, "column": 49 }
          }
        ],
        "line": 164
      },
      "8": {
        "loc": {
          "start": { "line": 170, "column": 4 },
          "end": { "line": 172, "column": 5 }
        },
        "type": "if",
        "locations": [
          {
            "start": { "line": 170, "column": 4 },
            "end": { "line": 172, "column": 5 }
          },
          { "start": {}, "end": {} }
        ],
        "line": 170
      },
      "9": {
        "loc": {
          "start": { "line": 173, "column": 4 },
          "end": { "line": 175, "column": 5 }
        },
        "type": "if",
        "locations": [
          {
            "start": { "line": 173, "column": 4 },
            "end": { "line": 175, "column": 5 }
          },
          { "start": {}, "end": {} }
        ],
        "line": 173
      },
      "10": {
        "loc": {
          "start": { "line": 177, "column": 24 },
          "end": { "line": 177, "column": 78 }
        },
        "type": "cond-expr",
        "locations": [
          {
            "start": { "line": 177, "column": 48 },
            "end": { "line": 177, "column": 66 }
          },
          {
            "start": { "line": 177, "column": 69 },
            "end": { "line": 177, "column": 78 }
          }
        ],
        "line": 177
      },
      "11": {
        "loc": {
          "start": { "line": 209, "column": 4 },
          "end": { "line": 211, "column": 5 }
        },
        "type": "if",
        "locations": [
          {
            "start": { "line": 209, "column": 4 },
            "end": { "line": 211, "column": 5 }
          },
          { "start": {}, "end": {} }
        ],
        "line": 209
      },
      "12": {
        "loc": {
          "start": { "line": 218, "column": 4 },
          "end": { "line": 220, "column": 5 }
        },
        "type": "if",
        "locations": [
          {
            "start": { "line": 218, "column": 4 },
            "end": { "line": 220, "column": 5 }
          },
          { "start": {}, "end": {} }
        ],
        "line": 218
      },
      "13": {
        "loc": {
          "start": { "line": 255, "column": 4 },
          "end": { "line": 260, "column": 5 }
        },
        "type": "if",
        "locations": [
          {
            "start": { "line": 255, "column": 4 },
            "end": { "line": 260, "column": 5 }
          },
          { "start": {}, "end": {} }
        ],
        "line": 255
      },
      "14": {
        "loc": {
          "start": { "line": 267, "column": 4 },
          "end": { "line": 269, "column": 5 }
        },
        "type": "if",
        "locations": [
          {
            "start": { "line": 267, "column": 4 },
            "end": { "line": 269, "column": 5 }
          },
          { "start": {}, "end": {} }
        ],
        "line": 267
      },
      "15": {
        "loc": {
          "start": { "line": 290, "column": 4 },
          "end": { "line": 292, "column": 5 }
        },
        "type": "if",
        "locations": [
          {
            "start": { "line": 290, "column": 4 },
            "end": { "line": 292, "column": 5 }
          },
          { "start": {}, "end": {} }
        ],
        "line": 290
      },
      "16": {
        "loc": {
          "start": { "line": 294, "column": 4 },
          "end": { "line": 299, "column": 5 }
        },
        "type": "if",
        "locations": [
          {
            "start": { "line": 294, "column": 4 },
            "end": { "line": 299, "column": 5 }
          },
          { "start": {}, "end": {} }
        ],
        "line": 294
      }
    },
    "s": {
      "0": 4,
      "1": 4,
      "2": 4,
      "3": 4,
      "4": 4,
      "5": 2,
      "6": 2,
      "7": 2,
      "8": 0,
      "9": 2,
      "10": 1,
      "11": 1,
      "12": 1,
      "13": 1,
      "14": 1,
      "15": 1,
      "16": 1,
      "17": 1,
      "18": 1,
      "19": 1,
      "20": 1,
      "21": 1,
      "22": 1,
      "23": 1,
      "24": 1,
      "25": 1,
      "26": 1,
      "27": 1,
      "28": 0,
      "29": 0,
      "30": 0,
      "31": 0,
      "32": 0,
      "33": 1,
      "34": 4,
      "35": 1,
      "36": 1,
      "37": 1,
      "38": 1,
      "39": 1,
      "40": 1,
      "41": 1,
      "42": 1,
      "43": 1,
      "44": 0,
      "45": 1,
      "46": 1,
      "47": 1,
      "48": 1,
      "49": 4,
      "50": 1,
      "51": 1,
      "52": 1,
      "53": 1,
      "54": 1,
      "55": 1,
      "56": 1,
      "57": 1,
      "58": 0,
      "59": 0,
      "60": 0,
      "61": 4,
      "62": 2,
      "63": 2,
      "64": 2,
      "65": 2,
      "66": 1,
      "67": 1,
      "68": 1,
      "69": 0,
      "70": 1,
      "71": 4,
      "72": 2,
      "73": 2,
      "74": 2,
      "75": 1,
      "76": 1,
      "77": 1,
      "78": 0,
      "79": 0,
      "80": 0,
      "81": 0,
      "82": 0,
      "83": 0
    },
    "f": { "0": 4, "1": 1, "2": 1, "3": 1, "4": 1, "5": 1, "6": 2, "7": 2 },
    "b": {
      "0": [2, 2],
      "1": [0, 2],
      "2": [1, 1],
      "3": [1, 0],
      "4": [0, 0],
      "5": [0, 0],
      "6": [1, 1],
      "7": [1, 1],
      "8": [1, 0],
      "9": [0, 1],
      "10": [1, 0],
      "11": [1, 0],
      "12": [1, 0],
      "13": [1, 1],
      "14": [0, 1],
      "15": [1, 1],
      "16": [1, 0]
    },
    "inputSourceMap": null,
    "_coverageSchema": "1a1c01bbd47fc00a2c39e90264f33305004495a9",
    "hash": "8e944556e3b57b364211e3f8dc9165c5297d4762"
  },
  "C:\\Users\\L O Q\\Documents\\VINTAGENSHITT PROJECT\\vintangenshitt\\src\\controllers\\orderItem.controller.js": {
    "path": "C:\\Users\\L O Q\\Documents\\VINTAGENSHITT PROJECT\\vintangenshitt\\src\\controllers\\orderItem.controller.js",
    "statementMap": {
      "0": {
        "start": { "line": 10, "column": 33 },
        "end": { "line": 54, "column": 2 }
      },
      "1": {
        "start": { "line": 11, "column": 20 },
        "end": { "line": 11, "column": 48 }
      },
      "2": {
        "start": { "line": 12, "column": 20 },
        "end": { "line": 12, "column": 45 }
      },
      "3": {
        "start": { "line": 15, "column": 4 },
        "end": { "line": 27, "column": 5 }
      },
      "4": {
        "start": { "line": 16, "column": 24 },
        "end": { "line": 19, "column": 21 }
      },
      "5": {
        "start": { "line": 21, "column": 8 },
        "end": { "line": 23, "column": 9 }
      },
      "6": {
        "start": { "line": 22, "column": 12 },
        "end": { "line": 22, "column": 89 }
      },
      "7": {
        "start": { "line": 24, "column": 8 },
        "end": { "line": 26, "column": 9 }
      },
      "8": {
        "start": { "line": 25, "column": 12 },
        "end": { "line": 25, "column": 87 }
      },
      "9": {
        "start": { "line": 29, "column": 18 },
        "end": { "line": 40, "column": 47 }
      },
      "10": {
        "start": { "line": 42, "column": 18 },
        "end": { "line": 44, "column": 9 }
      },
      "11": {
        "start": { "line": 43, "column": 8 },
        "end": { "line": 43, "column": 72 }
      },
      "12": {
        "start": { "line": 46, "column": 4 },
        "end": { "line": 53, "column": 7 }
      },
      "13": {
        "start": { "line": 60, "column": 32 },
        "end": { "line": 95, "column": 2 }
      },
      "14": {
        "start": { "line": 61, "column": 15 },
        "end": { "line": 61, "column": 38 }
      },
      "15": {
        "start": { "line": 62, "column": 20 },
        "end": { "line": 62, "column": 45 }
      },
      "16": {
        "start": { "line": 64, "column": 19 },
        "end": { "line": 76, "column": 17 }
      },
      "17": {
        "start": { "line": 78, "column": 4 },
        "end": { "line": 80, "column": 5 }
      },
      "18": {
        "start": { "line": 79, "column": 8 },
        "end": { "line": 79, "column": 90 }
      },
      "19": {
        "start": { "line": 83, "column": 4 },
        "end": { "line": 92, "column": 5 }
      },
      "20": {
        "start": { "line": 84, "column": 24 },
        "end": { "line": 87, "column": 21 }
      },
      "21": {
        "start": { "line": 89, "column": 8 },
        "end": { "line": 91, "column": 9 }
      },
      "22": {
        "start": { "line": 90, "column": 12 },
        "end": { "line": 90, "column": 87 }
      },
      "23": {
        "start": { "line": 94, "column": 4 },
        "end": { "line": 94, "column": 44 }
      }
    },
    "fnMap": {
      "0": {
        "name": "(anonymous_0)",
        "decl": {
          "start": { "line": 10, "column": 46 },
          "end": { "line": 10, "column": 47 }
        },
        "loc": {
          "start": { "line": 10, "column": 66 },
          "end": { "line": 54, "column": 1 }
        },
        "line": 10
      },
      "1": {
        "name": "(anonymous_1)",
        "decl": {
          "start": { "line": 42, "column": 31 },
          "end": { "line": 42, "column": 32 }
        },
        "loc": {
          "start": { "line": 42, "column": 46 },
          "end": { "line": 44, "column": 5 }
        },
        "line": 42
      },
      "2": {
        "name": "(anonymous_2)",
        "decl": {
          "start": { "line": 60, "column": 45 },
          "end": { "line": 60, "column": 46 }
        },
        "loc": {
          "start": { "line": 60, "column": 65 },
          "end": { "line": 95, "column": 1 }
        },
        "line": 60
      }
    },
    "branchMap": {
      "0": {
        "loc": {
          "start": { "line": 15, "column": 4 },
          "end": { "line": 27, "column": 5 }
        },
        "type": "if",
        "locations": [
          {
            "start": { "line": 15, "column": 4 },
            "end": { "line": 27, "column": 5 }
          },
          { "start": {}, "end": {} }
        ],
        "line": 15
      },
      "1": {
        "loc": {
          "start": { "line": 21, "column": 8 },
          "end": { "line": 23, "column": 9 }
        },
        "type": "if",
        "locations": [
          {
            "start": { "line": 21, "column": 8 },
            "end": { "line": 23, "column": 9 }
          },
          { "start": {}, "end": {} }
        ],
        "line": 21
      },
      "2": {
        "loc": {
          "start": { "line": 24, "column": 8 },
          "end": { "line": 26, "column": 9 }
        },
        "type": "if",
        "locations": [
          {
            "start": { "line": 24, "column": 8 },
            "end": { "line": 26, "column": 9 }
          },
          { "start": {}, "end": {} }
        ],
        "line": 24
      },
      "3": {
        "loc": {
          "start": { "line": 78, "column": 4 },
          "end": { "line": 80, "column": 5 }
        },
        "type": "if",
        "locations": [
          {
            "start": { "line": 78, "column": 4 },
            "end": { "line": 80, "column": 5 }
          },
          { "start": {}, "end": {} }
        ],
        "line": 78
      },
      "4": {
        "loc": {
          "start": { "line": 83, "column": 4 },
          "end": { "line": 92, "column": 5 }
        },
        "type": "if",
        "locations": [
          {
            "start": { "line": 83, "column": 4 },
            "end": { "line": 92, "column": 5 }
          },
          { "start": {}, "end": {} }
        ],
        "line": 83
      },
      "5": {
        "loc": {
          "start": { "line": 89, "column": 8 },
          "end": { "line": 91, "column": 9 }
        },
        "type": "if",
        "locations": [
          {
            "start": { "line": 89, "column": 8 },
            "end": { "line": 91, "column": 9 }
          },
          { "start": {}, "end": {} }
        ],
        "line": 89
      },
      "6": {
        "loc": {
          "start": { "line": 89, "column": 12 },
          "end": { "line": 89, "column": 50 }
        },
        "type": "binary-expr",
        "locations": [
          {
            "start": { "line": 89, "column": 12 },
            "end": { "line": 89, "column": 18 }
          },
          {
            "start": { "line": 89, "column": 22 },
            "end": { "line": 89, "column": 50 }
          }
        ],
        "line": 89
      }
    },
    "s": {
      "0": 4,
      "1": 3,
      "2": 3,
      "3": 3,
      "4": 2,
      "5": 2,
      "6": 1,
      "7": 1,
      "8": 1,
      "9": 1,
      "10": 1,
      "11": 1,
      "12": 1,
      "13": 4,
      "14": 2,
      "15": 2,
      "16": 2,
      "17": 2,
      "18": 1,
      "19": 1,
      "20": 1,
      "21": 1,
      "22": 0,
      "23": 1
    },
    "f": { "0": 3, "1": 1, "2": 2 },
    "b": {
      "0": [2, 1],
      "1": [1, 1],
      "2": [1, 0],
      "3": [1, 1],
      "4": [1, 0],
      "5": [0, 1],
      "6": [1, 1]
    },
    "inputSourceMap": null,
    "_coverageSchema": "1a1c01bbd47fc00a2c39e90264f33305004495a9",
    "hash": "5f73e9a3dda586aa6229406a1b3f669f71cf15f5"
  },
  "C:\\Users\\L O Q\\Documents\\VINTAGENSHITT PROJECT\\vintangenshitt\\src\\controllers\\payment.controller.js": {
    "path": "C:\\Users\\L O Q\\Documents\\VINTAGENSHITT PROJECT\\vintangenshitt\\src\\controllers\\payment.controller.js",
    "statementMap": {
      "0": {
        "start": { "line": 12, "column": 35 },
        "end": { "line": 40, "column": 2 }
      },
      "1": {
        "start": { "line": 13, "column": 20 },
        "end": { "line": 13, "column": 48 }
      },
      "2": {
        "start": { "line": 14, "column": 20 },
        "end": { "line": 14, "column": 45 }
      },
      "3": {
        "start": { "line": 16, "column": 4 },
        "end": { "line": 28, "column": 5 }
      },
      "4": {
        "start": { "line": 17, "column": 24 },
        "end": { "line": 20, "column": 21 }
      },
      "5": {
        "start": { "line": 22, "column": 8 },
        "end": { "line": 24, "column": 9 }
      },
      "6": {
        "start": { "line": 23, "column": 12 },
        "end": { "line": 23, "column": 89 }
      },
      "7": {
        "start": { "line": 25, "column": 8 },
        "end": { "line": 27, "column": 9 }
      },
      "8": {
        "start": { "line": 26, "column": 12 },
        "end": { "line": 26, "column": 87 }
      },
      "9": {
        "start": { "line": 30, "column": 22 },
        "end": { "line": 33, "column": 17 }
      },
      "10": {
        "start": { "line": 35, "column": 4 },
        "end": { "line": 37, "column": 5 }
      },
      "11": {
        "start": { "line": 36, "column": 8 },
        "end": { "line": 36, "column": 87 }
      },
      "12": {
        "start": { "line": 39, "column": 4 },
        "end": { "line": 39, "column": 47 }
      },
      "13": {
        "start": { "line": 46, "column": 30 },
        "end": { "line": 70, "column": 2 }
      },
      "14": {
        "start": { "line": 47, "column": 17 },
        "end": { "line": 47, "column": 46 }
      },
      "15": {
        "start": { "line": 48, "column": 18 },
        "end": { "line": 48, "column": 49 }
      },
      "16": {
        "start": { "line": 49, "column": 19 },
        "end": { "line": 49, "column": 37 }
      },
      "17": {
        "start": { "line": 50, "column": 31 },
        "end": { "line": 50, "column": 40 }
      },
      "18": {
        "start": { "line": 52, "column": 23 },
        "end": { "line": 52, "column": 25 }
      },
      "19": {
        "start": { "line": 53, "column": 4 },
        "end": { "line": 53, "column": 68 }
      },
      "20": {
        "start": { "line": 53, "column": 16 },
        "end": { "line": 53, "column": 68 }
      },
      "21": {
        "start": { "line": 54, "column": 4 },
        "end": { "line": 54, "column": 68 }
      },
      "22": {
        "start": { "line": 54, "column": 16 },
        "end": { "line": 54, "column": 68 }
      },
      "23": {
        "start": { "line": 55, "column": 24 },
        "end": { "line": 55, "column": 78 }
      },
      "24": {
        "start": { "line": 57, "column": 39 },
        "end": { "line": 62, "column": 6 }
      },
      "25": {
        "start": { "line": 64, "column": 18 },
        "end": { "line": 64, "column": 38 }
      },
      "26": {
        "start": { "line": 65, "column": 4 },
        "end": { "line": 69, "column": 7 }
      },
      "27": {
        "start": { "line": 76, "column": 30 },
        "end": { "line": 87, "column": 2 }
      },
      "28": {
        "start": { "line": 77, "column": 15 },
        "end": { "line": 77, "column": 38 }
      },
      "29": {
        "start": { "line": 78, "column": 22 },
        "end": { "line": 81, "column": 17 }
      },
      "30": {
        "start": { "line": 83, "column": 4 },
        "end": { "line": 85, "column": 5 }
      },
      "31": {
        "start": { "line": 84, "column": 8 },
        "end": { "line": 84, "column": 87 }
      },
      "32": {
        "start": { "line": 86, "column": 4 },
        "end": { "line": 86, "column": 47 }
      },
      "33": {
        "start": { "line": 93, "column": 36 },
        "end": { "line": 140, "column": 2 }
      },
      "34": {
        "start": { "line": 94, "column": 101 },
        "end": { "line": 94, "column": 109 }
      },
      "35": {
        "start": { "line": 97, "column": 22 },
        "end": { "line": 97, "column": 53 }
      },
      "36": {
        "start": { "line": 98, "column": 24 },
        "end": { "line": 100, "column": 22 }
      },
      "37": {
        "start": { "line": 102, "column": 4 },
        "end": { "line": 104, "column": 5 }
      },
      "38": {
        "start": { "line": 103, "column": 8 },
        "end": { "line": 103, "column": 87 }
      },
      "39": {
        "start": { "line": 106, "column": 22 },
        "end": { "line": 109, "column": 17 }
      },
      "40": {
        "start": { "line": 111, "column": 4 },
        "end": { "line": 113, "column": 5 }
      },
      "41": {
        "start": { "line": 112, "column": 8 },
        "end": { "line": 112, "column": 87 }
      },
      "42": {
        "start": { "line": 115, "column": 24 },
        "end": { "line": 115, "column": 33 }
      },
      "43": {
        "start": { "line": 116, "column": 22 },
        "end": { "line": 116, "column": 31 }
      },
      "44": {
        "start": { "line": 118, "column": 4 },
        "end": { "line": 134, "column": 5 }
      },
      "45": {
        "start": { "line": 119, "column": 8 },
        "end": { "line": 125, "column": 9 }
      },
      "46": {
        "start": { "line": 120, "column": 12 },
        "end": { "line": 120, "column": 35 }
      },
      "47": {
        "start": { "line": 121, "column": 12 },
        "end": { "line": 121, "column": 39 }
      },
      "48": {
        "start": { "line": 123, "column": 12 },
        "end": { "line": 123, "column": 37 }
      },
      "49": {
        "start": { "line": 124, "column": 12 },
        "end": { "line": 124, "column": 38 }
      },
      "50": {
        "start": { "line": 126, "column": 11 },
        "end": { "line": 134, "column": 5 }
      },
      "51": {
        "start": { "line": 127, "column": 8 },
        "end": { "line": 127, "column": 34 }
      },
      "52": {
        "start": { "line": 128, "column": 11 },
        "end": { "line": 134, "column": 5 }
      },
      "53": {
        "start": { "line": 129, "column": 8 },
        "end": { "line": 129, "column": 33 }
      },
      "54": {
        "start": { "line": 130, "column": 8 },
        "end": { "line": 130, "column": 34 }
      },
      "55": {
        "start": { "line": 131, "column": 11 },
        "end": { "line": 134, "column": 5 }
      },
      "56": {
        "start": { "line": 132, "column": 8 },
        "end": { "line": 132, "column": 33 }
      },
      "57": {
        "start": { "line": 133, "column": 8 },
        "end": { "line": 133, "column": 34 }
      },
      "58": {
        "start": { "line": 136, "column": 4 },
        "end": { "line": 136, "column": 88 }
      },
      "59": {
        "start": { "line": 137, "column": 4 },
        "end": { "line": 137, "column": 118 }
      },
      "60": {
        "start": { "line": 139, "column": 4 },
        "end": { "line": 139, "column": 68 }
      },
      "61": {
        "start": { "line": 146, "column": 29 },
        "end": { "line": 174, "column": 2 }
      },
      "62": {
        "start": { "line": 147, "column": 30 },
        "end": { "line": 147, "column": 40 }
      },
      "63": {
        "start": { "line": 149, "column": 22 },
        "end": { "line": 152, "column": 17 }
      },
      "64": {
        "start": { "line": 154, "column": 4 },
        "end": { "line": 156, "column": 5 }
      },
      "65": {
        "start": { "line": 155, "column": 8 },
        "end": { "line": 155, "column": 87 }
      },
      "66": {
        "start": { "line": 157, "column": 4 },
        "end": { "line": 159, "column": 5 }
      },
      "67": {
        "start": { "line": 158, "column": 8 },
        "end": { "line": 158, "column": 83 }
      },
      "68": {
        "start": { "line": 160, "column": 4 },
        "end": { "line": 162, "column": 5 }
      },
      "69": {
        "start": { "line": 161, "column": 8 },
        "end": { "line": 161, "column": 94 }
      },
      "70": {
        "start": { "line": 164, "column": 26 },
        "end": { "line": 164, "column": 65 }
      },
      "71": {
        "start": { "line": 166, "column": 4 },
        "end": { "line": 173, "column": 5 }
      },
      "72": {
        "start": { "line": 167, "column": 8 },
        "end": { "line": 167, "column": 100 }
      },
      "73": {
        "start": { "line": 168, "column": 8 },
        "end": { "line": 168, "column": 123 }
      },
      "74": {
        "start": { "line": 169, "column": 8 },
        "end": { "line": 169, "column": 139 }
      },
      "75": {
        "start": { "line": 171, "column": 8 },
        "end": { "line": 171, "column": 102 }
      },
      "76": {
        "start": { "line": 172, "column": 8 },
        "end": { "line": 172, "column": 124 }
      },
      "77": {
        "start": { "line": 180, "column": 29 },
        "end": { "line": 212, "column": 2 }
      },
      "78": {
        "start": { "line": 181, "column": 20 },
        "end": { "line": 181, "column": 71 }
      },
      "79": {
        "start": { "line": 182, "column": 4 },
        "end": { "line": 184, "column": 5 }
      },
      "80": {
        "start": { "line": 183, "column": 8 },
        "end": { "line": 183, "column": 95 }
      },
      "81": {
        "start": { "line": 186, "column": 37 },
        "end": { "line": 186, "column": 45 }
      },
      "82": {
        "start": { "line": 188, "column": 4 },
        "end": { "line": 209, "column": 5 }
      },
      "83": {
        "start": { "line": 189, "column": 30 },
        "end": { "line": 189, "column": 80 }
      },
      "84": {
        "start": { "line": 190, "column": 8 },
        "end": { "line": 197, "column": 9 }
      },
      "85": {
        "start": { "line": 191, "column": 30 },
        "end": { "line": 192, "column": 74 }
      },
      "86": {
        "start": { "line": 193, "column": 12 },
        "end": { "line": 196, "column": 13 }
      },
      "87": {
        "start": { "line": 194, "column": 16 },
        "end": { "line": 194, "column": 108 }
      },
      "88": {
        "start": { "line": 195, "column": 16 },
        "end": { "line": 195, "column": 131 }
      },
      "89": {
        "start": { "line": 198, "column": 11 },
        "end": { "line": 209, "column": 5 }
      },
      "90": {
        "start": { "line": 199, "column": 30 },
        "end": { "line": 199, "column": 80 }
      },
      "91": {
        "start": { "line": 200, "column": 8 },
        "end": { "line": 208, "column": 9 }
      },
      "92": {
        "start": { "line": 201, "column": 30 },
        "end": { "line": 202, "column": 74 }
      },
      "93": {
        "start": { "line": 203, "column": 12 },
        "end": { "line": 207, "column": 13 }
      },
      "94": {
        "start": { "line": 204, "column": 31 },
        "end": { "line": 204, "column": 94 }
      },
      "95": {
        "start": { "line": 205, "column": 16 },
        "end": { "line": 205, "column": 108 }
      },
      "96": {
        "start": { "line": 206, "column": 16 },
        "end": { "line": 206, "column": 130 }
      },
      "97": {
        "start": { "line": 211, "column": 4 },
        "end": { "line": 211, "column": 62 }
      }
    },
    "fnMap": {
      "0": {
        "name": "(anonymous_0)",
        "decl": {
          "start": { "line": 12, "column": 48 },
          "end": { "line": 12, "column": 49 }
        },
        "loc": {
          "start": { "line": 12, "column": 68 },
          "end": { "line": 40, "column": 1 }
        },
        "line": 12
      },
      "1": {
        "name": "(anonymous_1)",
        "decl": {
          "start": { "line": 46, "column": 43 },
          "end": { "line": 46, "column": 44 }
        },
        "loc": {
          "start": { "line": 46, "column": 63 },
          "end": { "line": 70, "column": 1 }
        },
        "line": 46
      },
      "2": {
        "name": "(anonymous_2)",
        "decl": {
          "start": { "line": 76, "column": 43 },
          "end": { "line": 76, "column": 44 }
        },
        "loc": {
          "start": { "line": 76, "column": 63 },
          "end": { "line": 87, "column": 1 }
        },
        "line": 76
      },
      "3": {
        "name": "(anonymous_3)",
        "decl": {
          "start": { "line": 93, "column": 49 },
          "end": { "line": 93, "column": 50 }
        },
        "loc": {
          "start": { "line": 93, "column": 69 },
          "end": { "line": 140, "column": 1 }
        },
        "line": 93
      },
      "4": {
        "name": "(anonymous_4)",
        "decl": {
          "start": { "line": 146, "column": 42 },
          "end": { "line": 146, "column": 43 }
        },
        "loc": {
          "start": { "line": 146, "column": 62 },
          "end": { "line": 174, "column": 1 }
        },
        "line": 146
      },
      "5": {
        "name": "(anonymous_5)",
        "decl": {
          "start": { "line": 180, "column": 42 },
          "end": { "line": 180, "column": 43 }
        },
        "loc": {
          "start": { "line": 180, "column": 62 },
          "end": { "line": 212, "column": 1 }
        },
        "line": 180
      }
    },
    "branchMap": {
      "0": {
        "loc": {
          "start": { "line": 16, "column": 4 },
          "end": { "line": 28, "column": 5 }
        },
        "type": "if",
        "locations": [
          {
            "start": { "line": 16, "column": 4 },
            "end": { "line": 28, "column": 5 }
          },
          { "start": {}, "end": {} }
        ],
        "line": 16
      },
      "1": {
        "loc": {
[...]
        ],
        "line": 18
      },
      "3": {
        "loc": {
          "start": { "line": 18, "column": 16 },
          "end": { "line": 18, "column": 53 }
        },
        "type": "binary-expr",
        "locations": [
          {
            "start": { "line": 18, "column": 16 },
            "end": { "line": 18, "column": 35 }
          },
          {
            "start": { "line": 18, "column": 39 },
            "end": { "line": 18, "column": 53 }
          }
        ],
        "line": 18
      },
      "4": {
        "loc": {
          "start": { "line": 20, "column": 12 },
          "end": { "line": 22, "column": 13 }
        },
        "type": "if",
        "locations": [
          {
            "start": { "line": 20, "column": 12 },
            "end": { "line": 22, "column": 13 }
          },
          { "start": {}, "end": {} }
        ],
        "line": 20
      },
      "5": {
        "loc": {
          "start": { "line": 20, "column": 16 },
          "end": { "line": 20, "column": 55 }
        },
        "type": "binary-expr",
        "locations": [
          {
            "start": { "line": 20, "column": 16 },
            "end": { "line": 20, "column": 25 }
          },
          {
            "start": { "line": 20, "column": 29 },
            "end": { "line": 20, "column": 55 }
          }
        ],
        "line": 20
      },
      "6": {
        "loc": {
          "start": { "line": 24, "column": 12 },
          "end": { "line": 26, "column": 13 }
        },
        "type": "if",
        "locations": [
          {
            "start": { "line": 24, "column": 12 },
            "end": { "line": 26, "column": 13 }
          },
          { "start": {}, "end": {} }
        ],
        "line": 24
      },
      "7": {
        "loc": {
          "start": { "line": 24, "column": 16 },
          "end": { "line": 24, "column": 92 }
        },
        "type": "binary-expr",
        "locations": [
          {
            "start": { "line": 24, "column": 16 },
            "end": { "line": 24, "column": 30 }
          },
          {
            "start": { "line": 24, "column": 34 },
            "end": { "line": 24, "column": 59 }
          },
          {
            "start": { "line": 24, "column": 63 },
            "end": { "line": 24, "column": 92 }
          }
        ],
        "line": 24
      },
      "8": {
        "loc": {
          "start": { "line": 28, "column": 12 },
          "end": { "line": 30, "column": 13 }
        },
        "type": "if",
        "locations": [
          {
            "start": { "line": 28, "column": 12 },
            "end": { "line": 30, "column": 13 }
          },
          { "start": {}, "end": {} }
        ],
        "line": 28
      },
      "9": {
        "loc": {
          "start": { "line": 28, "column": 16 },
          "end": { "line": 28, "column": 92 }
        },
        "type": "binary-expr",
        "locations": [
          {
            "start": { "line": 28, "column": 16 },
            "end": { "line": 28, "column": 30 }
          },
          {
            "start": { "line": 28, "column": 34 },
            "end": { "line": 28, "column": 59 }
          },
          {
            "start": { "line": 28, "column": 63 },
            "end": { "line": 28, "column": 92 }
          }
        ],
        "line": 28
      },
      "10": {
        "loc": {
          "start": { "line": 32, "column": 12 },
          "end": { "line": 34, "column": 13 }
        },
        "type": "if",
        "locations": [
          {
            "start": { "line": 32, "column": 12 },
            "end": { "line": 34, "column": 13 }
          },
          { "start": {}, "end": {} }
        ],
        "line": 32
      },
      "11": {
        "loc": {
          "start": { "line": 32, "column": 16 },
          "end": { "line": 32, "column": 55 }
        },
        "type": "binary-expr",
        "locations": [
          {
            "start": { "line": 32, "column": 16 },
            "end": { "line": 32, "column": 25 }
          },
          {
            "start": { "line": 32, "column": 29 },
            "end": { "line": 32, "column": 55 }
          }
        ],
        "line": 32
      },
      "12": {
        "loc": {
          "start": { "line": 36, "column": 12 },
          "end": { "line": 38, "column": 13 }
        },
        "type": "if",
        "locations": [
          {
            "start": { "line": 36, "column": 12 },
            "end": { "line": 38, "column": 13 }
          },
          { "start": {}, "end": {} }
        ],
        "line": 36
      },
      "13": {
        "loc": {
          "start": { "line": 36, "column": 16 },
          "end": { "line": 36, "column": 87 }
        },
        "type": "binary-expr",
        "locations": [
          {
            "start": { "line": 36, "column": 16 },
            "end": { "line": 36, "column": 38 }
          },
          {
            "start": { "line": 36, "column": 42 },
            "end": { "line": 36, "column": 67 }
          },
          {
            "start": { "line": 36, "column": 71 },
            "end": { "line": 36, "column": 87 }
          }
        ],
        "line": 36
      },
      "14": {
        "loc": {
          "start": { "line": 40, "column": 12 },
          "end": { "line": 42, "column": 13 }
        },
        "type": "if",
        "locations": [
          {
            "start": { "line": 40, "column": 12 },
            "end": { "line": 42, "column": 13 }
          },
          { "start": {}, "end": {} }
        ],
        "line": 40
      },
      "15": {
        "loc": {
          "start": { "line": 40, "column": 16 },
          "end": { "line": 40, "column": 53 }
        },
        "type": "binary-expr",
        "locations": [
          {
            "start": { "line": 40, "column": 16 },
            "end": { "line": 40, "column": 28 }
          },
          {
            "start": { "line": 40, "column": 32 },
            "end": { "line": 40, "column": 53 }
          }
        ],
        "line": 40
      },
      "16": {
        "loc": {
          "start": { "line": 45, "column": 8 },
          "end": { "line": 51, "column": 9 }
        },
        "type": "if",
        "locations": [
          {
            "start": { "line": 45, "column": 8 },
            "end": { "line": 51, "column": 9 }
          },
          { "start": {}, "end": {} }
        ],
        "line": 45
      }
    },
    "s": {
      "0": 33,
      "1": 22,
      "2": 22,
      "3": 55,
      "4": 55,
      "5": 8,
      "6": 8,
      "7": 47,
      "8": 3,
      "9": 44,
      "10": 1,
      "11": 44,
      "12": 2,
      "13": 44,
      "14": 0,
      "15": 44,
      "16": 3,
      "17": 44,
      "18": 1,
      "19": 44,
      "20": 0,
      "21": 22,
      "22": 13,
      "23": 9,
      "24": 4,
      "25": 4,
      "26": 4,
      "27": 4,
      "28": 4,
      "29": 4,
      "30": 4,
      "31": 4
    },
    "f": { "0": 33, "1": 22 },
    "b": {
      "0": [8, 47],
      "1": [55, 48, 40, 40],
      "2": [3, 44],
      "3": [47, 44],
      "4": [1, 43],
      "5": [44, 44],
      "6": [2, 42],
      "7": [44, 16, 16],
      "8": [0, 44],
      "9": [44, 6, 6],
      "10": [3, 41],
      "11": [44, 12],
      "12": [1, 43],
      "13": [44, 7, 6],
      "14": [0, 44],
      "15": [44, 0],
      "16": [13, 9]
    },
    "inputSourceMap": null,
    "_coverageSchema": "1a1c01bbd47fc00a2c39e90264f33305004495a9",
    "hash": "44d53377138a5fe886d492a2c230d51213857d2c"
  },
  "C:\\Users\\L O Q\\Documents\\VINTAGENSHITT PROJECT\\vintangenshitt\\src\\routes\\auth.routes.js": {
    "path": "C:\\Users\\L O Q\\Documents\\VINTAGENSHITT PROJECT\\vintangenshitt\\src\\routes\\auth.routes.js",
    "statementMap": {
      "0": {
        "start": { "line": 5, "column": 15 },
        "end": { "line": 5, "column": 23 }
      },
      "1": {
        "start": { "line": 7, "column": 0 },
        "end": { "line": 7, "column": 53 }
      },
      "2": {
        "start": { "line": 8, "column": 0 },
        "end": { "line": 8, "column": 44 }
      }
    },
    "fnMap": {},
    "branchMap": {},
    "s": { "0": 3, "1": 3, "2": 3 },
    "f": {},
    "b": {},
    "inputSourceMap": null,
    "_coverageSchema": "1a1c01bbd47fc00a2c39e90264f33305004495a9",
    "hash": "5ce4969784b8926d7fcf8daa860337bd17ffbd6f"
  },
  "C:\\Users\\L O Q\\Documents\\VINTAGENSHITT PROJECT\\vintangenshitt\\src\\routes\\cart.routes.js": {
    "path": "C:\\Users\\L O Q\\Documents\\VINTAGENSHITT PROJECT\\vintangenshitt\\src\\routes\\cart.routes.js",
    "statementMap": {
      "0": {
        "start": { "line": 6, "column": 15 },
        "end": { "line": 6, "column": 23 }
      },
      "1": {
        "start": { "line": 8, "column": 0 },
        "end": { "line": 8, "column": 25 }
      },
      "2": {
        "start": { "line": 10, "column": 0 },
        "end": { "line": 10, "column": 25 }
      },
      "3": {
        "start": { "line": 11, "column": 0 },
        "end": { "line": 11, "column": 46 }
      },
      "4": {
        "start": { "line": 12, "column": 0 },
        "end": { "line": 12, "column": 35 }
      },
      "5": {
        "start": { "line": 13, "column": 0 },
        "end": { "line": 13, "column": 30 }
      },
      "6": {
        "start": { "line": 14, "column": 0 },
        "end": { "line": 14, "column": 38 }
      }
    },
    "fnMap": {},
    "branchMap": {},
    "s": { "0": 3, "1": 3, "2": 3, "3": 3, "4": 3, "5": 3, "6": 3 },
    "f": {},
    "b": {},
    "inputSourceMap": null,
    "_coverageSchema": "1a1c01bbd47fc00a2c39e90264f33305004495a9",
    "hash": "01227f36640752041b6dee733e22cf352ed43c4e"
  },
  "C:\\Users\\L O Q\\Documents\\VINTAGENSHITT PROJECT\\vintangenshitt\\src\\routes\\category.routes.js": {
    "path": "C:\\Users\\L O Q\\Documents\\VINTAGENSHITT PROJECT\\vintangenshitt\\src\\routes\\category.routes.js",
    "statementMap": {
      "0": {
        "start": { "line": 6, "column": 15 },
        "end": { "line": 6, "column": 23 }
      },
      "1": {
        "start": { "line": 9, "column": 0 },
        "end": { "line": 9, "column": 34 }
      },
      "2": {
        "start": { "line": 10, "column": 0 },
        "end": { "line": 10, "column": 36 }
      },
      "3": {
        "start": { "line": 13, "column": 0 },
        "end": { "line": 13, "column": 79 }
      },
      "4": {
        "start": { "line": 14, "column": 0 },
        "end": { "line": 14, "column": 63 }
      },
      "5": {
        "start": { "line": 15, "column": 0 },
        "end": { "line": 15, "column": 66 }
      }
    },
    "fnMap": {},
    "branchMap": {},
    "s": { "0": 3, "1": 3, "2": 3, "3": 3, "4": 3, "5": 3 },
    "f": {},
    "b": {},
    "inputSourceMap": null,
    "_coverageSchema": "1a1c01bbd47fc00a2c39e90264f33305004495a9",
    "hash": "f30171999b0057188e844a310b6f8e40f097c0e7"
  },
  "C:\\Users\\L O Q\\Documents\\VINTAGENSHITT PROJECT\\vintangenshitt\\src\\routes\\index.js": {
    "path": "C:\\Users\\L O Q\\Documents\\VINTAGENSHITT PROJECT\\vintangenshitt\\src\\routes\\index.js",
    "statementMap": {
      "0": {
        "start": { "line": 12, "column": 15 },
        "end": { "line": 12, "column": 23 }
      },
      "1": {
        "start": { "line": 14, "column": 0 },
        "end": { "line": 14, "column": 32 }
      },
      "2": {
        "start": { "line": 15, "column": 0 },
        "end": { "line": 15, "column": 33 }
      },
      "3": {
        "start": { "line": 16, "column": 0 },
        "end": { "line": 16, "column": 42 }
      },
      "4": {
        "start": { "line": 17, "column": 0 },
        "end": { "line": 17, "column": 39 }
      },
      "5": {
        "start": { "line": 18, "column": 0 },
        "end": { "line": 18, "column": 33 }
      },
      "6": {
        "start": { "line": 19, "column": 0 },
        "end": { "line": 19, "column": 35 }
      },
      "7": {
        "start": { "line": 20, "column": 0 },
        "end": { "line": 20, "column": 44 }
      },
      "8": {
        "start": { "line": 21, "column": 0 },
        "end": { "line": 21, "column": 39 }
      },
      "9": {
        "start": { "line": 22, "column": 0 },
        "end": { "line": 22, "column": 41 }
      }
    },
    "fnMap": {},
    "branchMap": {},
    "s": {
      "0": 3,
      "1": 3,
      "2": 3,
      "3": 3,
      "4": 3,
      "5": 3,
      "6": 3,
      "7": 3,
      "8": 3,
      "9": 3
    },
    "f": {},
    "b": {},
    "inputSourceMap": null,
    "_coverageSchema": "1a1c01bbd47fc00a2c39e90264f33305004495a9",
    "hash": "9e806c44cf7c6e58e7b8b4e3f4d657294df8ccf7"
  },
  "C:\\Users\\L O Q\\Documents\\VINTAGENSHITT PROJECT\\vintangenshitt\\src\\routes\\order.routes.js": {
    "path": "C:\\Users\\L O Q\\Documents\\VINTAGENSHITT PROJECT\\vintangenshitt\\src\\routes\\order.routes.js",
    "statementMap": {
      "0": {
        "start": { "line": 6, "column": 15 },
        "end": { "line": 6, "column": 23 }
      },
      "1": {
        "start": { "line": 8, "column": 0 },
        "end": { "line": 8, "column": 25 }
      },
      "2": {
        "start": { "line": 10, "column": 0 },
        "end": { "line": 10, "column": 53 }
      },
      "3": {
        "start": { "line": 11, "column": 0 },
        "end": { "line": 11, "column": 30 }
      },
      "4": {
        "start": { "line": 12, "column": 0 },
        "end": { "line": 12, "column": 33 }
      },
      "5": {
        "start": { "line": 13, "column": 0 },
        "end": { "line": 13, "column": 59 }
      },
      "6": {
        "start": { "line": 14, "column": 0 },
        "end": { "line": 14, "column": 39 }
      }
    },
    "fnMap": {},
    "branchMap": {},
    "s": { "0": 3, "1": 3, "2": 3, "3": 3, "4": 3, "5": 3, "6": 3 },
    "f": {},
    "b": {},
    "inputSourceMap": null,
    "_coverageSchema": "1a1c01bbd47fc00a2c39e90264f33305004495a9",
    "hash": "b264b878a66b250e26dc29af4299e2f2212502ca"
  },
  "C:\\Users\\L O Q\\Documents\\VINTAGENSHITT PROJECT\\vintangenshitt\\src\\routes\\orderItem.routes.js": {
    "path": "C:\\Users\\L O Q\\Documents\\VINTAGENSHITT PROJECT\\vintangenshitt\\src\\routes\\orderItem.routes.js",
    "statementMap": {
      "0": {
        "start": { "line": 5, "column": 15 },
        "end": { "line": 5, "column": 23 }
      },
      "1": {
        "start": { "line": 7, "column": 0 },
        "end": { "line": 7, "column": 25 }
      },
      "2": {
        "start": { "line": 9, "column": 0 },
        "end": { "line": 9, "column": 49 }
      },
      "3": {
        "start": { "line": 10, "column": 0 },
        "end": { "line": 10, "column": 37 }
      }
    },
    "fnMap": {},
    "branchMap": {},
    "s": { "0": 3, "1": 3, "2": 3, "3": 3 },
    "f": {},
    "b": {},
    "inputSourceMap": null,
    "_coverageSchema": "1a1c01bbd47fc00a2c39e90264f33305004495a9",
    "hash": "82235b38a1c1f50d96d1fd0c692172d6fd5ac662"
  },
  "C:\\Users\\L O Q\\Documents\\VINTAGENSHITT PROJECT\\vintangenshitt\\src\\routes\\payment.routes.js": {
    "path": "C:\\Users\\L O Q\\Documents\\VINTAGENSHITT PROJECT\\vintangenshitt\\src\\routes\\payment.routes.js",
    "statementMap": {
      "0": {
        "start": { "line": 8, "column": 15 },
        "end": { "line": 8, "column": 23 }
      },
      "1": {
        "start": { "line": 11, "column": 0 },
        "end": { "line": 11, "column": 60 }
      },
      "2": {
        "start": { "line": 12, "column": 0 },
        "end": { "line": 12, "column": 46 }
      },
      "3": {
        "start": { "line": 15, "column": 0 },
        "end": { "line": 15, "column": 75 }
      },
      "4": {
        "start": { "line": 16, "column": 0 },
        "end": { "line": 16, "column": 65 }
      },
      "5": {
        "start": { "line": 19, "column": 0 },
        "end": { "line": 19, "column": 60 }
      },
      "6": {
        "start": { "line": 20, "column": 0 },
        "end": { "line": 20, "column": 63 }
      }
    },
    "fnMap": {},
    "branchMap": {},
    "s": { "0": 3, "1": 3, "2": 3, "3": 3, "4": 3, "5": 3, "6": 3 },
    "f": {},
    "b": {},
    "inputSourceMap": null,
    "_coverageSchema": "1a1c01bbd47fc00a2c39e90264f33305004495a9",
    "hash": "afbe9f49191eaa505146cff02e2e33d474b79ca8"
  },
  "C:\\Users\\L O Q\\Documents\\VINTAGENSHITT PROJECT\\vintangenshitt\\src\\routes\\product.routes.js": {
    "path": "C:\\Users\\L O Q\\Documents\\VINTAGENSHITT PROJECT\\vintangenshitt\\src\\routes\\product.routes.js",
    "statementMap": {
      "0": {
        "start": { "line": 6, "column": 15 },
        "end": { "line": 6, "column": 23 }
      },
      "1": {
        "start": { "line": 9, "column": 0 },
        "end": { "line": 9, "column": 32 }
      },
      "2": {
        "start": { "line": 10, "column": 0 },
        "end": { "line": 10, "column": 35 }
      },
      "3": {
        "start": { "line": 13, "column": 0 },
        "end": { "line": 13, "column": 77 }
      },
      "4": {
        "start": { "line": 14, "column": 0 },
        "end": { "line": 14, "column": 62 }
      },
      "5": {
        "start": { "line": 15, "column": 0 },
        "end": { "line": 15, "column": 65 }
      }
    },
    "fnMap": {},
    "branchMap": {},
    "s": { "0": 3, "1": 3, "2": 3, "3": 3, "4": 3, "5": 3 },
    "f": {},
    "b": {},
    "inputSourceMap": null,
    "_coverageSchema": "1a1c01bbd47fc00a2c39e90264f33305004495a9",
    "hash": "a4e7c1d3533db92e921795d2b6e7292af070df26"
  },
  "C:\\Users\\L O Q\\Documents\\VINTAGENSHITT PROJECT\\vintangenshitt\\src\\routes\\shipping.routes.js": {
    "path": "C:\\Users\\L O Q\\Documents\\VINTAGENSHITT PROJECT\\vintangenshitt\\src\\routes\\shipping.routes.js",
    "statementMap": {
      "0": {
        "start": { "line": 6, "column": 15 },
        "end": { "line": 6, "column": 23 }
      },
      "1": {
        "start": { "line": 8, "column": 0 },
        "end": { "line": 8, "column": 25 }
      },
      "2": {
        "start": { "line": 10, "column": 0 },
        "end": { "line": 10, "column": 47 }
      },
      "3": {
        "start": { "line": 11, "column": 0 },
        "end": { "line": 11, "column": 52 }
      },
      "4": {
        "start": { "line": 12, "column": 0 },
        "end": { "line": 12, "column": 65 }
      },
      "5": {
        "start": { "line": 13, "column": 0 },
        "end": { "line": 13, "column": 49 }
      },
      "6": {
        "start": { "line": 14, "column": 0 },
        "end": { "line": 14, "column": 86 }
      }
    },
    "fnMap": {},
    "branchMap": {},
    "s": { "0": 3, "1": 3, "2": 3, "3": 3, "4": 3, "5": 3, "6": 3 },
    "f": {},
    "b": {},
    "inputSourceMap": null,
    "_coverageSchema": "1a1c01bbd47fc00a2c39e90264f33305004495a9",
    "hash": "9b984554b79b240b406cb86628ae5833b600065a"
  },
  "C:\\Users\\L O Q\\Documents\\VINTAGENSHITT PROJECT\\vintangenshitt\\src\\routes\\user.routes.js": {
    "path": "C:\\Users\\L O Q\\Documents\\VINTAGENSHITT PROJECT\\vintangenshitt\\src\\routes\\user.routes.js",
    "statementMap": {
      "0": {
        "start": { "line": 5, "column": 15 },
        "end": { "line": 5, "column": 23 }
      },
      "1": {
        "start": { "line": 8, "column": 0 },
        "end": { "line": 8, "column": 49 }
      },
      "2": {
        "start": { "line": 9, "column": 0 },
        "end": { "line": 9, "column": 52 }
      },
      "3": {
        "start": { "line": 12, "column": 0 },
        "end": { "line": 12, "column": 57 }
      },
      "4": {
        "start": { "line": 13, "column": 0 },
        "end": { "line": 13, "column": 60 }
      },
      "5": {
        "start": { "line": 14, "column": 0 },
        "end": { "line": 14, "column": 59 }
      },
      "6": {
        "start": { "line": 15, "column": 0 },
        "end": { "line": 15, "column": 62 }
      }
    },
    "fnMap": {},
    "branchMap": {},
    "s": { "0": 3, "1": 3, "2": 3, "3": 3, "4": 3, "5": 3, "6": 3 },
    "f": {},
    "b": {},
    "inputSourceMap": null,
    "_coverageSchema": "1a1c01bbd47fc00a2c39e90264f33305004495a9",
    "hash": "e3d4ab4563458e89e97b49a59eef174d89fc17d9"
  }
}
