TN:
SF:src\server.js
FN:26,(anonymous_0)
FN:35,(anonymous_1)
FNF:2
FNH:0
FNDA:0,(anonymous_0)
FNDA:0,(anonymous_1)
DA:9,3
DA:11,3
DA:12,3
DA:14,3
DA:15,3
DA:16,3
DA:17,3
DA:23,3
DA:26,3
DA:27,0
DA:31,3
DA:34,3
DA:35,0
DA:36,0
LF:14
LH:11
BRDA:12,0,0,3
BRDA:12,0,1,3
BRDA:34,1,0,0
BRDA:34,1,1,3
BRF:4
BRH:3
end_of_record
TN:
SF:src\config\db\schema.js
FN:24,(anonymous_0)
FN:45,(anonymous_1)
FN:59,(anonymous_2)
FN:80,(anonymous_3)
FN:94,(anonymous_4)
FN:116,(anonymous_5)
FN:137,(anonymous_6)
FNF:7
FNH:0
FNDA:0,(anonymous_0)
FNDA:0,(anonymous_1)
FNDA:0,(anonymous_2)
FNDA:0,(anonymous_3)
FNDA:0,(anonymous_4)
FNDA:0,(anonymous_5)
FNDA:0,(anonymous_6)
DA:4,3
DA:5,3
DA:6,3
DA:7,3
DA:8,3
DA:11,3
DA:24,0
DA:28,3
DA:36,3
DA:45,0
DA:53,3
DA:59,0
DA:72,3
DA:80,0
DA:88,3
DA:94,0
DA:107,3
DA:116,0
DA:129,3
DA:137,0
LF:20
LH:13
BRF:0
BRH:0
end_of_record
TN:
SF:src\controllers\auth.controller.js
FN:14,(anonymous_0)
FN:70,(anonymous_1)
FNF:2
FNH:2
FNDA:3,(anonymous_0)
FNDA:4,(anonymous_1)
DA:8,4
DA:14,4
DA:15,3
DA:18,3
DA:23,3
DA:24,1
DA:31,2
DA:32,2
DA:35,2
DA:53,2
DA:59,1
DA:70,4
DA:71,4
DA:74,4
DA:79,4
DA:80,2
DA:87,2
DA:88,2
DA:89,1
DA:96,1
DA:102,1
LF:21
LH:21
BRDA:8,0,0,4
BRDA:8,0,1,4
BRDA:23,1,0,1
BRDA:23,1,1,2
BRDA:79,2,0,2
BRDA:79,2,1,2
BRDA:88,3,0,1
BRDA:88,3,1,1
BRF:8
BRH:8
end_of_record
TN:
SF:src\controllers\cart.controller.js
FN:10,(anonymous_0)
FN:26,(anonymous_1)
FN:44,(anonymous_2)
FN:113,(anonymous_3)
FN:156,(anonymous_4)
FN:174,(anonymous_5)
FNF:6
FNH:5
FNDA:2,(anonymous_0)
FNDA:2,(anonymous_1)
FNDA:3,(anonymous_2)
FNDA:0,(anonymous_3)
FNDA:2,(anonymous_4)
FNDA:1,(anonymous_5)
DA:10,4
DA:11,2
DA:26,2
DA:27,2
DA:30,2
DA:44,4
DA:45,3
DA:48,3
DA:53,3
DA:54,1
DA:57,2
DA:58,1
DA:65,1
DA:73,1
DA:75,0
DA:76,0
DA:77,0
DA:83,0
DA:88,0
DA:96,1
DA:102,1
DA:113,4
DA:114,0
DA:115,0
DA:117,0
DA:118,0
DA:122,0
DA:127,0
DA:128,0
DA:132,0
DA:137,0
DA:138,0
DA:144,0
DA:149,0
DA:156,4
DA:157,2
DA:159,2
DA:163,2
DA:164,1
DA:167,1
DA:174,4
DA:175,1
DA:177,1
LF:43
LH:26
BRDA:53,0,0,1
BRDA:53,0,1,2
BRDA:57,1,0,1
BRDA:57,1,1,1
BRDA:73,2,0,0
BRDA:73,2,1,1
BRDA:76,3,0,0
BRDA:76,3,1,0
BRDA:117,4,0,0
BRDA:117,4,1,0
BRDA:117,5,0,0
BRDA:117,5,1,0
BRDA:127,6,0,0
BRDA:127,6,1,0
BRDA:137,7,0,0
BRDA:137,7,1,0
BRDA:137,8,0,0
BRDA:137,8,1,0
BRDA:163,9,0,1
BRDA:163,9,1,1
BRF:20
BRH:7
end_of_record
TN:
SF:src\controllers\category.controller.js
FN:10,(anonymous_0)
FN:30,(anonymous_1)
FN:49,(anonymous_2)
FN:69,(anonymous_3)
FN:93,(anonymous_4)
FNF:5
FNH:5
FNDA:1,(anonymous_0)
FNDA:2,(anonymous_1)
FNDA:1,(anonymous_2)
FNDA:2,(anonymous_3)
FNDA:2,(anonymous_4)
DA:10,4
DA:11,1
DA:13,1
DA:15,1
DA:16,1
DA:21,1
DA:23,1
DA:30,4
DA:31,2
DA:33,2
DA:38,2
DA:39,1
DA:42,1
DA:49,4
DA:50,1
DA:52,1
DA:58,1
DA:69,4
DA:70,2
DA:71,2
DA:73,2
DA:82,2
DA:83,1
DA:86,1
DA:93,4
DA:94,2
DA:96,2
DA:100,2
DA:101,1
DA:104,1
LF:30
LH:30
BRDA:11,0,0,1
BRDA:11,0,1,0
BRDA:15,1,0,1
BRDA:15,1,1,0
BRDA:38,2,0,1
BRDA:38,2,1,1
BRDA:54,3,0,1
BRDA:54,3,1,0
BRDA:55,4,0,1
BRDA:55,4,1,1
BRDA:75,5,0,2
BRDA:75,5,1,2
BRDA:76,6,0,2
BRDA:76,6,1,0
BRDA:77,7,0,2
BRDA:77,7,1,0
BRDA:82,8,0,1
BRDA:82,8,1,1
BRDA:100,9,0,1
BRDA:100,9,1,1
BRF:20
BRH:15
end_of_record
TN:
SF:src\controllers\order.controller.js
FN:12,(anonymous_0)
FN:53,(anonymous_1)
FN:66,(anonymous_2)
FN:107,(anonymous_3)
FN:162,(anonymous_4)
FN:204,(anonymous_5)
FN:250,(anonymous_6)
FN:278,(anonymous_7)
FNF:8
FNH:8
FNDA:4,(anonymous_0)
FNDA:1,(anonymous_1)
FNDA:1,(anonymous_2)
FNDA:1,(anonymous_3)
FNDA:1,(anonymous_4)
FNDA:1,(anonymous_5)
FNDA:2,(anonymous_6)
FNDA:2,(anonymous_7)
DA:12,4
DA:13,4
DA:14,4
DA:17,4
DA:29,4
DA:30,2
DA:37,2
DA:38,2
DA:39,0
DA:44,2
DA:45,1
DA:53,1
DA:54,1
DA:58,1
DA:66,1
DA:73,1
DA:76,1
DA:85,1
DA:86,1
DA:92,1
DA:95,1
DA:97,1
DA:99,1
DA:107,1
DA:116,1
DA:119,1
DA:123,1
DA:128,0
DA:130,0
DA:131,0
DA:138,0
DA:142,0
DA:148,1
DA:162,4
DA:163,1
DA:164,1
DA:165,1
DA:166,1
DA:167,1
DA:169,1
DA:170,1
DA:171,1
DA:173,1
DA:174,0
DA:177,1
DA:179,1
DA:191,1
DA:193,1
DA:204,4
DA:205,1
DA:206,1
DA:208,1
DA:209,1
DA:210,1
DA:213,1
DA:218,1
DA:219,1
DA:223,0
DA:235,0
DA:240,0
DA:250,4
DA:251,2
DA:252,2
DA:254,2
DA:255,2
DA:256,1
DA:262,1
DA:267,1
DA:268,0
DA:271,1
DA:278,4
DA:279,2
DA:282,2
DA:290,2
DA:291,1
DA:294,1
DA:295,1
DA:302,0
DA:306,0
DA:307,0
DA:313,0
DA:319,0
DA:323,0
LF:83
LH:66
BRDA:29,0,0,2
BRDA:29,0,1,2
BRDA:38,1,0,0
BRDA:38,1,1,2
BRDA:44,2,0,1
BRDA:44,2,1,1
BRDA:97,3,0,1
BRDA:97,3,1,0
BRDA:128,4,0,0
BRDA:128,4,1,0
BRDA:130,5,0,0
BRDA:130,5,1,0
BRDA:163,6,0,1
BRDA:163,6,1,1
BRDA:164,7,0,1
BRDA:164,7,1,1
BRDA:170,8,0,1
BRDA:170,8,1,0
BRDA:173,9,0,0
BRDA:173,9,1,1
BRDA:177,10,0,1
BRDA:177,10,1,0
BRDA:209,11,0,1
BRDA:209,11,1,0
BRDA:218,12,0,1
BRDA:218,12,1,0
BRDA:255,13,0,1
BRDA:255,13,1,1
BRDA:267,14,0,0
BRDA:267,14,1,1
BRDA:290,15,0,1
BRDA:290,15,1,1
BRDA:294,16,0,1
BRDA:294,16,1,0
BRF:34
BRH:21
end_of_record
TN:
SF:src\controllers\orderItem.controller.js
FN:10,(anonymous_0)
FN:42,(anonymous_1)
FN:60,(anonymous_2)
FNF:3
FNH:3
FNDA:3,(anonymous_0)
FNDA:1,(anonymous_1)
FNDA:2,(anonymous_2)
DA:10,4
DA:11,3
DA:12,3
DA:15,3
DA:16,2
DA:21,2
DA:22,1
DA:24,1
DA:25,1
DA:29,1
DA:42,1
DA:43,1
DA:46,1
DA:60,4
DA:61,2
DA:62,2
DA:64,2
DA:78,2
DA:79,1
DA:83,1
DA:84,1
DA:89,1
DA:90,0
DA:94,1
LF:24
LH:23
BRDA:15,0,0,2
BRDA:15,0,1,1
BRDA:21,1,0,1
BRDA:21,1,1,1
BRDA:24,2,0,1
BRDA:24,2,1,0
BRDA:78,3,0,1
BRDA:78,3,1,1
BRDA:83,4,0,1
BRDA:83,4,1,0
BRDA:89,5,0,0
BRDA:89,5,1,1
BRDA:89,6,0,1
BRDA:89,6,1,1
BRF:14
BRH:11
end_of_record
TN:
SF:src\controllers\payment.controller.js
FN:12,(anonymous_0)
FN:46,(anonymous_1)
FN:76,(anonymous_2)
FN:93,(anonymous_3)
FN:146,(anonymous_4)
FN:180,(anonymous_5)
FNF:6
FNH:5
FNDA:1,(anonymous_0)
FNDA:0,(anonymous_1)
FNDA:2,(anonymous_2)
FNDA:5,(anonymous_3)
FNDA:4,(anonymous_4)
FNDA:4,(anonymous_5)
DA:12,4
DA:13,1
DA:14,1
DA:16,1
DA:17,1
DA:22,1
DA:23,1
DA:25,0
DA:26,0
DA:30,0
DA:35,0
DA:36,0
DA:39,0
DA:46,4
DA:47,0
DA:48,0
DA:49,0
DA:50,0
DA:52,0
DA:53,0
DA:54,0
DA:55,0
DA:57,0
DA:64,0
DA:65,0
DA:76,4
DA:77,2
DA:78,2
DA:83,2
DA:84,1
DA:86,1
DA:93,4
DA:94,5
DA:97,5
DA:98,5
DA:102,5
DA:103,2
DA:106,3
DA:111,3
DA:112,2
DA:115,1
DA:116,1
DA:118,1
DA:119,1
DA:120,1
DA:121,1
DA:123,0
DA:124,0
DA:126,0
DA:127,0
DA:128,0
DA:129,0
DA:130,0
DA:131,0
DA:132,0
DA:133,0
DA:136,1
DA:137,1
DA:139,1
DA:146,4
DA:147,4
DA:149,4
DA:154,4
DA:155,1
DA:157,3
DA:158,1
DA:160,2
DA:161,1
DA:164,1
DA:166,1
DA:167,1
DA:168,1
DA:169,1
DA:171,0
DA:172,0
DA:180,4
DA:181,4
DA:182,4
DA:183,2
DA:186,2
DA:188,2
DA:189,2
DA:190,2
DA:191,2
DA:193,2
DA:194,1
DA:195,1
DA:198,0
DA:199,0
DA:200,0
DA:201,0
DA:203,0
DA:204,0
DA:205,0
DA:206,0
DA:211,2
LF:96
LH:59
BRDA:16,0,0,1
BRDA:16,0,1,0
BRDA:22,1,0,1
BRDA:22,1,1,0
BRDA:25,2,0,0
BRDA:25,2,1,0
BRDA:35,3,0,0
BRDA:35,3,1,0
BRDA:47,4,0,0
BRDA:47,4,1,0
BRDA:48,5,0,0
BRDA:48,5,1,0
BRDA:53,6,0,0
BRDA:53,6,1,0
BRDA:54,7,0,0
BRDA:54,7,1,0
BRDA:55,8,0,0
BRDA:55,8,1,0
BRDA:83,9,0,1
BRDA:83,9,1,1
BRDA:102,10,0,2
BRDA:102,10,1,3
BRDA:111,11,0,2
BRDA:111,11,1,1
BRDA:118,12,0,1
BRDA:118,12,1,0
BRDA:118,13,0,1
BRDA:118,13,1,1
BRDA:119,14,0,1
BRDA:119,14,1,0
BRDA:119,15,0,1
BRDA:119,15,1,1
BRDA:126,16,0,0
BRDA:126,16,1,0
BRDA:128,17,0,0
BRDA:128,17,1,0
BRDA:131,18,0,0
BRDA:131,18,1,0
BRDA:131,19,0,0
BRDA:131,19,1,0
BRDA:154,20,0,1
BRDA:154,20,1,3
BRDA:157,21,0,1
BRDA:157,21,1,2
BRDA:160,22,0,1
BRDA:160,22,1,1
BRDA:166,23,0,1
BRDA:166,23,1,0
BRDA:182,24,0,2
BRDA:182,24,1,2
BRDA:188,25,0,2
BRDA:188,25,1,0
BRDA:190,26,0,2
BRDA:190,26,1,0
BRDA:193,27,0,1
BRDA:193,27,1,1
BRDA:193,28,0,2
BRDA:193,28,1,1
BRDA:198,29,0,0
BRDA:198,29,1,0
BRDA:198,30,0,0
BRDA:198,30,1,0
BRDA:200,31,0,0
BRDA:200,31,1,0
BRDA:203,32,0,0
BRDA:203,32,1,0
BRDA:204,33,0,0
BRDA:204,33,1,0
BRF:68
BRH:29
end_of_record
TN:
SF:src\controllers\product.controller.js
FN:10,(anonymous_0)
FN:68,(anonymous_1)
FN:98,(anonymous_2)
FN:120,(anonymous_3)
FN:147,(anonymous_4)
FNF:5
FNH:3
FNDA:0,(anonymous_0)
FNDA:2,(anonymous_1)
FNDA:1,(anonymous_2)
FNDA:0,(anonymous_3)
FNDA:2,(anonymous_4)
DA:10,4
DA:11,0
DA:12,0
DA:13,0
DA:14,0
DA:17,0
DA:18,0
DA:19,0
DA:21,0
DA:22,0
DA:25,0
DA:27,0
DA:50,0
DA:52,0
DA:68,4
DA:69,2
DA:71,2
DA:87,2
DA:88,1
DA:91,1
DA:98,4
DA:99,1
DA:101,1
DA:109,1
DA:120,4
DA:121,0
DA:122,0
DA:124,0
DA:136,0
DA:137,0
DA:140,0
DA:147,4
DA:148,2
DA:150,2
DA:154,2
DA:155,1
DA:158,1
LF:37
LH:18
BRDA:11,0,0,0
BRDA:11,0,1,0
BRDA:12,1,0,0
BRDA:12,1,1,0
BRDA:18,2,0,0
BRDA:18,2,1,0
BRDA:21,3,0,0
BRDA:21,3,1,0
BRDA:25,4,0,0
BRDA:25,4,1,0
BRDA:87,5,0,1
BRDA:87,5,1,1
BRDA:104,6,0,1
BRDA:104,6,1,0
BRDA:105,7,0,1
BRDA:105,7,1,0
BRDA:106,8,0,1
BRDA:106,8,1,1
BRDA:126,9,0,0
BRDA:126,9,1,0
BRDA:127,10,0,0
BRDA:127,10,1,0
BRDA:128,11,0,0
BRDA:128,11,1,0
BRDA:129,12,0,0
BRDA:129,12,1,0
BRDA:130,13,0,0
BRDA:130,13,1,0
BRDA:136,14,0,0
BRDA:136,14,1,0
BRDA:154,15,0,1
BRDA:154,15,1,1
BRF:32
BRH:8
end_of_record
TN:
SF:src\controllers\shipping.controller.js
FN:10,(anonymous_0)
FN:32,(anonymous_1)
FN:52,(anonymous_2)
FN:78,(anonymous_3)
FN:104,(anonymous_4)
FNF:5
FNH:3
FNDA:0,(anonymous_0)
FNDA:3,(anonymous_1)
FNDA:3,(anonymous_2)
FNDA:0,(anonymous_3)
FNDA:3,(anonymous_4)
DA:10,4
DA:11,0
DA:12,0
DA:13,0
DA:14,0
DA:16,0
DA:17,0
DA:18,0
DA:20,0
DA:25,0
DA:32,4
DA:33,3
DA:34,3
DA:36,3
DA:37,1
DA:38,1
DA:39,1
DA:42,2
DA:43,2
DA:45,1
DA:52,4
DA:53,3
DA:55,3
DA:56,3
DA:58,2
DA:59,2
DA:61,1
DA:69,1
DA:71,1
DA:78,4
DA:79,0
DA:80,0
DA:82,0
DA:88,0
DA:89,0
DA:90,0
DA:91,0
DA:94,0
DA:95,0
DA:97,0
DA:104,4
DA:105,3
DA:106,3
DA:108,3
DA:109,3
DA:111,2
DA:112,2
DA:114,2
DA:115,2
DA:117,1
DA:118,0
DA:121,1
LF:52
LH:32
BRDA:11,0,0,0
BRDA:11,0,1,0
BRDA:12,1,0,0
BRDA:12,1,1,0
BRDA:17,2,0,0
BRDA:17,2,1,0
BRDA:18,3,0,0
BRDA:18,3,1,0
BRDA:36,4,0,1
BRDA:36,4,1,2
BRDA:38,5,0,0
BRDA:38,5,1,1
BRDA:39,6,0,1
BRDA:39,6,1,0
BRDA:43,7,0,1
BRDA:43,7,1,1
BRDA:56,8,0,1
BRDA:56,8,1,2
BRDA:59,9,0,1
BRDA:59,9,1,1
BRDA:65,10,0,1
BRDA:65,10,1,0
BRDA:83,11,0,0
BRDA:83,11,1,0
BRDA:84,12,0,0
BRDA:84,12,1,0
BRDA:85,13,0,0
BRDA:85,13,1,0
BRDA:88,14,0,0
BRDA:88,14,1,0
BRDA:89,15,0,0
BRDA:89,15,1,0
BRDA:91,16,0,0
BRDA:91,16,1,0
BRDA:95,17,0,0
BRDA:95,17,1,0
BRDA:109,18,0,1
BRDA:109,18,1,2
BRDA:112,19,0,2
BRDA:112,19,1,0
BRDA:115,20,0,1
BRDA:115,20,1,1
BRDA:117,21,0,0
BRDA:117,21,1,1
BRF:44
BRH:17
end_of_record
TN:
SF:src\controllers\user.controller.js
FN:10,(anonymous_0)
FN:54,(anonymous_1)
FN:83,(anonymous_2)
FN:113,(anonymous_3)
FN:151,(anonymous_4)
FN:185,(anonymous_5)
FNF:6
FNH:3
FNDA:0,(anonymous_0)
FNDA:2,(anonymous_1)
FNDA:2,(anonymous_2)
FNDA:0,(anonymous_3)
FNDA:0,(anonymous_4)
FNDA:2,(anonymous_5)
DA:10,4
DA:11,0
DA:12,0
DA:13,0
DA:15,0
DA:36,0
DA:38,0
DA:54,4
DA:55,2
DA:72,2
DA:73,1
DA:76,1
DA:83,4
DA:84,2
DA:85,2
DA:102,2
DA:103,1
DA:106,1
DA:113,4
DA:114,0
DA:116,0
DA:140,0
DA:141,0
DA:144,0
DA:151,4
DA:152,0
DA:153,0
DA:155,0
DA:174,0
DA:175,0
DA:178,0
DA:185,4
DA:186,2
DA:188,2
DA:192,2
DA:193,1
DA:196,1
LF:37
LH:20
BRDA:11,0,0,0
BRDA:11,0,1,0
BRDA:12,1,0,0
BRDA:12,1,1,0
BRDA:72,2,0,1
BRDA:72,2,1,1
BRDA:102,3,0,1
BRDA:102,3,1,1
BRDA:118,4,0,0
BRDA:118,4,1,0
BRDA:119,5,0,0
BRDA:119,5,1,0
BRDA:120,6,0,0
BRDA:120,6,1,0
BRDA:121,7,0,0
BRDA:121,7,1,0
BRDA:122,8,0,0
BRDA:122,8,1,0
BRDA:123,9,0,0
BRDA:123,9,1,0
BRDA:140,10,0,0
BRDA:140,10,1,0
BRDA:157,11,0,0
BRDA:157,11,1,0
BRDA:158,12,0,0
BRDA:158,12,1,0
BRDA:159,13,0,0
BRDA:159,13,1,0
BRDA:160,14,0,0
BRDA:160,14,1,0
BRDA:161,15,0,0
BRDA:161,15,1,0
BRDA:162,16,0,0
BRDA:162,16,1,0
BRDA:163,17,0,0
BRDA:163,17,1,0
BRDA:174,18,0,0
BRDA:174,18,1,0
BRDA:192,19,0,1
BRDA:192,19,1,1
BRF:40
BRH:6
end_of_record
TN:
SF:src\middlewares\auth.js
FN:9,authenticate
FN:39,requireAdmin
FN:52,requireUser
FNF:3
FNH:3
FNDA:10,authenticate
FNDA:3,requireAdmin
FNDA:2,requireUser
DA:3,4
DA:10,10
DA:11,10
DA:12,4
DA:18,6
DA:20,6
DA:21,6
DA:22,4
DA:27,4
DA:29,2
DA:40,3
DA:41,2
DA:46,1
DA:53,2
DA:54,1
DA:59,1
LF:16
LH:16
BRDA:3,0,0,4
BRDA:3,0,1,3
BRDA:11,1,0,4
BRDA:11,1,1,6
BRDA:11,2,0,10
BRDA:11,2,1,7
BRDA:40,3,0,2
BRDA:40,3,1,1
BRDA:40,4,0,3
BRDA:40,4,1,2
BRDA:53,5,0,1
BRDA:53,5,1,1
BRDA:53,6,0,2
BRDA:53,6,1,2
BRF:14
BRH:14
end_of_record
TN:
SF:src\middlewares\errorHandler.js
FN:5,errorHandler
FN:23,asyncHandler
FN:24,(anonymous_2)
FNF:3
FNH:3
FNDA:1,errorHandler
FNDA:164,asyncHandler
FNDA:74,(anonymous_2)
DA:6,1
DA:8,1
DA:9,1
DA:11,1
DA:24,164
DA:25,74
LF:6
LH:6
BRDA:8,0,0,1
BRDA:8,0,1,1
BRDA:9,1,0,1
BRDA:9,1,1,0
BRDA:14,2,0,1
BRDA:14,2,1,0
BRF:6
BRH:4
end_of_record
TN:
SF:src\middlewares\validate.js
FN:6,validateBody
FN:7,(anonymous_1)
FNF:2
FNH:2
FNDA:33,validateBody
FNDA:22,(anonymous_1)
DA:7,33
DA:8,22
DA:10,22
DA:11,55
DA:13,55
DA:14,8
DA:15,8
DA:18,47
DA:20,44
DA:21,1
DA:24,44
DA:25,2
DA:28,44
DA:29,0
DA:32,44
DA:33,3
DA:36,44
DA:37,1
DA:40,44
DA:41,0
DA:45,22
DA:46,13
DA:53,9
DA:59,4
DA:65,4
DA:70,4
DA:75,4
DA:81,4
DA:85,4
DA:90,4
DA:95,4
LF:31
LH:29
BRDA:13,0,0,8
BRDA:13,0,1,47
BRDA:13,1,0,55
BRDA:13,1,1,48
BRDA:13,1,2,40
BRDA:13,1,3,40
BRDA:18,2,0,3
BRDA:18,2,1,44
BRDA:18,3,0,47
BRDA:18,3,1,44
BRDA:20,4,0,1
BRDA:20,4,1,43
BRDA:20,5,0,44
BRDA:20,5,1,44
BRDA:24,6,0,2
BRDA:24,6,1,42
BRDA:24,7,0,44
BRDA:24,7,1,16
BRDA:24,7,2,16
BRDA:28,8,0,0
BRDA:28,8,1,44
BRDA:28,9,0,44
BRDA:28,9,1,6
BRDA:28,9,2,6
BRDA:32,10,0,3
BRDA:32,10,1,41
BRDA:32,11,0,44
BRDA:32,11,1,12
BRDA:36,12,0,1
BRDA:36,12,1,43
BRDA:36,13,0,44
BRDA:36,13,1,7
BRDA:36,13,2,6
BRDA:40,14,0,0
BRDA:40,14,1,44
BRDA:40,15,0,44
BRDA:40,15,1,0
BRDA:45,16,0,13
BRDA:45,16,1,9
BRF:39
BRH:36
end_of_record
TN:
SF:src\routes\auth.routes.js
FNF:0
FNH:0
DA:5,3
DA:7,3
DA:8,3
LF:3
LH:3
BRF:0
BRH:0
end_of_record
TN:
SF:src\routes\cart.routes.js
FNF:0
FNH:0
DA:6,3
DA:8,3
DA:10,3
DA:11,3
DA:12,3
DA:13,3
DA:14,3
LF:7
LH:7
BRF:0
BRH:0
end_of_record
TN:
SF:src\routes\category.routes.js
FNF:0
FNH:0
DA:6,3
DA:9,3
DA:10,3
DA:13,3
DA:14,3
DA:15,3
LF:6
LH:6
BRF:0
BRH:0
end_of_record
TN:
SF:src\routes\index.js
FNF:0
FNH:0
DA:12,3
DA:14,3
DA:15,3
DA:16,3
DA:17,3
DA:18,3
DA:19,3
DA:20,3
DA:21,3
DA:22,3
LF:10
LH:10
BRF:0
BRH:0
end_of_record
TN:
SF:src\routes\order.routes.js
FNF:0
FNH:0
DA:6,3
DA:8,3
DA:10,3
DA:11,3
DA:12,3
DA:13,3
DA:14,3
LF:7
LH:7
BRF:0
BRH:0
end_of_record
TN:
SF:src\routes\orderItem.routes.js
FNF:0
FNH:0
DA:5,3
DA:7,3
DA:9,3
DA:10,3
LF:4
LH:4
BRF:0
BRH:0
end_of_record
TN:
SF:src\routes\payment.routes.js
FNF:0
FNH:0
DA:8,3
DA:11,3
DA:12,3
DA:15,3
DA:16,3
DA:19,3
DA:20,3
LF:7
LH:7
BRF:0
BRH:0
end_of_record
TN:
SF:src\routes\product.routes.js
FNF:0
FNH:0
DA:6,3
DA:9,3
DA:10,3
DA:13,3
DA:14,3
DA:15,3
LF:6
LH:6
BRF:0
BRH:0
end_of_record
TN:
SF:src\routes\shipping.routes.js
FNF:0
FNH:0
DA:6,3
DA:8,3
DA:10,3
DA:11,3
DA:12,3
DA:13,3
DA:14,3
LF:7
LH:7
BRF:0
BRH:0
end_of_record
TN:
SF:src\routes\user.routes.js
FNF:0
FNH:0
DA:5,3
DA:8,3
DA:9,3
DA:12,3
DA:13,3
DA:14,3
DA:15,3
LF:7
LH:7
BRF:0
BRH:0
end_of_record
